{"C:\\Users\\PSP1000767\\OneDrive - Starbucks\\Desktop\\s\\StepUp\\client\\src\\AdminPanel.jsx": {"path":"C:\\Users\\PSP1000767\\OneDrive - Starbucks\\Desktop\\s\\StepUp\\client\\src\\AdminPanel.jsx","all":true,"statementMap":{"0":{"start":{"line":1,"column":0},"end":{"line":1,"column":53}},"1":{"start":{"line":2,"column":0},"end":{"line":2,"column":8}},"2":{"start":{"line":3,"column":0},"end":{"line":3,"column":12}},"3":{"start":{"line":4,"column":0},"end":{"line":4,"column":15}},"4":{"start":{"line":5,"column":0},"end":{"line":5,"column":16}},"5":{"start":{"line":6,"column":0},"end":{"line":6,"column":11}},"6":{"start":{"line":7,"column":0},"end":{"line":7,"column":12}},"7":{"start":{"line":8,"column":0},"end":{"line":8,"column":8}},"8":{"start":{"line":9,"column":0},"end":{"line":9,"column":11}},"9":{"start":{"line":10,"column":0},"end":{"line":10,"column":9}},"10":{"start":{"line":11,"column":0},"end":{"line":11,"column":12}},"11":{"start":{"line":12,"column":0},"end":{"line":12,"column":7}},"12":{"start":{"line":13,"column":0},"end":{"line":13,"column":9}},"13":{"start":{"line":14,"column":0},"end":{"line":14,"column":11}},"14":{"start":{"line":15,"column":0},"end":{"line":15,"column":11}},"15":{"start":{"line":16,"column":0},"end":{"line":16,"column":9}},"16":{"start":{"line":17,"column":0},"end":{"line":17,"column":9}},"17":{"start":{"line":18,"column":0},"end":{"line":18,"column":7}},"18":{"start":{"line":19,"column":0},"end":{"line":19,"column":22}},"19":{"start":{"line":20,"column":0},"end":{"line":20,"column":8}},"20":{"start":{"line":21,"column":0},"end":{"line":21,"column":12}},"21":{"start":{"line":22,"column":0},"end":{"line":22,"column":17}},"22":{"start":{"line":23,"column":0},"end":{"line":23,"column":11}},"23":{"start":{"line":24,"column":0},"end":{"line":24,"column":15}},"24":{"start":{"line":25,"column":0},"end":{"line":25,"column":13}},"25":{"start":{"line":26,"column":0},"end":{"line":26,"column":18}},"26":{"start":{"line":27,"column":0},"end":{"line":27,"column":20}},"27":{"start":{"line":28,"column":0},"end":{"line":28,"column":15}},"28":{"start":{"line":29,"column":0},"end":{"line":29,"column":19}},"29":{"start":{"line":30,"column":0},"end":{"line":30,"column":18}},"30":{"start":{"line":31,"column":0},"end":{"line":31,"column":17}},"31":{"start":{"line":32,"column":0},"end":{"line":32,"column":32}},"32":{"start":{"line":33,"column":0},"end":{"line":33,"column":48}},"33":{"start":{"line":34,"column":0},"end":{"line":34,"column":54}},"34":{"start":{"line":35,"column":0},"end":{"line":35,"column":48}},"35":{"start":{"line":36,"column":0},"end":{"line":36,"column":67}},"36":{"start":{"line":37,"column":0},"end":{"line":37,"column":0}},"37":{"start":{"line":38,"column":0},"end":{"line":38,"column":23}},"38":{"start":{"line":39,"column":0},"end":{"line":39,"column":95}},"39":{"start":{"line":40,"column":0},"end":{"line":40,"column":49}},"40":{"start":{"line":41,"column":0},"end":{"line":41,"column":49}},"41":{"start":{"line":42,"column":0},"end":{"line":42,"column":47}},"42":{"start":{"line":43,"column":0},"end":{"line":43,"column":41}},"43":{"start":{"line":44,"column":0},"end":{"line":44,"column":49}},"44":{"start":{"line":45,"column":0},"end":{"line":45,"column":58}},"45":{"start":{"line":46,"column":0},"end":{"line":46,"column":70}},"46":{"start":{"line":47,"column":0},"end":{"line":47,"column":64}},"47":{"start":{"line":48,"column":0},"end":{"line":48,"column":61}},"48":{"start":{"line":49,"column":0},"end":{"line":49,"column":64}},"49":{"start":{"line":50,"column":0},"end":{"line":50,"column":70}},"50":{"start":{"line":51,"column":0},"end":{"line":51,"column":53}},"51":{"start":{"line":52,"column":0},"end":{"line":52,"column":64}},"52":{"start":{"line":53,"column":0},"end":{"line":53,"column":72}},"53":{"start":{"line":54,"column":0},"end":{"line":54,"column":72}},"54":{"start":{"line":55,"column":0},"end":{"line":55,"column":57}},"55":{"start":{"line":56,"column":0},"end":{"line":56,"column":0}},"56":{"start":{"line":57,"column":0},"end":{"line":57,"column":36}},"57":{"start":{"line":58,"column":0},"end":{"line":58,"column":0}},"58":{"start":{"line":59,"column":0},"end":{"line":59,"column":19}},"59":{"start":{"line":60,"column":0},"end":{"line":60,"column":21}},"60":{"start":{"line":61,"column":0},"end":{"line":61,"column":27}},"61":{"start":{"line":62,"column":0},"end":{"line":62,"column":5}},"62":{"start":{"line":63,"column":0},"end":{"line":63,"column":26}},"63":{"start":{"line":64,"column":0},"end":{"line":64,"column":0}},"64":{"start":{"line":65,"column":0},"end":{"line":65,"column":116}},"65":{"start":{"line":66,"column":0},"end":{"line":66,"column":89}},"66":{"start":{"line":67,"column":0},"end":{"line":67,"column":39}},"67":{"start":{"line":68,"column":0},"end":{"line":68,"column":51}},"68":{"start":{"line":69,"column":0},"end":{"line":69,"column":0}},"69":{"start":{"line":70,"column":0},"end":{"line":70,"column":35}},"70":{"start":{"line":71,"column":0},"end":{"line":71,"column":85}},"71":{"start":{"line":72,"column":0},"end":{"line":72,"column":123}},"72":{"start":{"line":73,"column":0},"end":{"line":73,"column":101}},"73":{"start":{"line":74,"column":0},"end":{"line":74,"column":69}},"74":{"start":{"line":75,"column":0},"end":{"line":75,"column":0}},"75":{"start":{"line":76,"column":0},"end":{"line":76,"column":61}},"76":{"start":{"line":77,"column":0},"end":{"line":77,"column":7}},"77":{"start":{"line":78,"column":0},"end":{"line":78,"column":65}},"78":{"start":{"line":79,"column":0},"end":{"line":79,"column":43}},"79":{"start":{"line":80,"column":0},"end":{"line":80,"column":53}},"80":{"start":{"line":81,"column":0},"end":{"line":81,"column":0}},"81":{"start":{"line":82,"column":0},"end":{"line":82,"column":42}},"82":{"start":{"line":83,"column":0},"end":{"line":83,"column":52}},"83":{"start":{"line":84,"column":0},"end":{"line":84,"column":99}},"84":{"start":{"line":85,"column":0},"end":{"line":85,"column":183}},"85":{"start":{"line":86,"column":0},"end":{"line":86,"column":69}},"86":{"start":{"line":87,"column":0},"end":{"line":87,"column":0}},"87":{"start":{"line":88,"column":0},"end":{"line":88,"column":44}},"88":{"start":{"line":89,"column":0},"end":{"line":89,"column":7}},"89":{"start":{"line":90,"column":0},"end":{"line":90,"column":54}},"90":{"start":{"line":91,"column":0},"end":{"line":91,"column":45}},"91":{"start":{"line":92,"column":0},"end":{"line":92,"column":62}},"92":{"start":{"line":93,"column":0},"end":{"line":93,"column":112}},"93":{"start":{"line":94,"column":0},"end":{"line":94,"column":20}},"94":{"start":{"line":95,"column":0},"end":{"line":95,"column":11}},"95":{"start":{"line":96,"column":0},"end":{"line":96,"column":18}},"96":{"start":{"line":97,"column":0},"end":{"line":97,"column":38}},"97":{"start":{"line":98,"column":0},"end":{"line":98,"column":20}},"98":{"start":{"line":99,"column":0},"end":{"line":99,"column":16}},"99":{"start":{"line":100,"column":0},"end":{"line":100,"column":5}},"100":{"start":{"line":101,"column":0},"end":{"line":101,"column":0}},"101":{"start":{"line":102,"column":0},"end":{"line":102,"column":12}},"102":{"start":{"line":103,"column":0},"end":{"line":103,"column":121}},"103":{"start":{"line":104,"column":0},"end":{"line":104,"column":132}},"104":{"start":{"line":105,"column":0},"end":{"line":105,"column":171}},"105":{"start":{"line":106,"column":0},"end":{"line":106,"column":209}},"106":{"start":{"line":107,"column":0},"end":{"line":107,"column":6}},"107":{"start":{"line":108,"column":0},"end":{"line":108,"column":88}},"108":{"start":{"line":109,"column":0},"end":{"line":109,"column":0}},"109":{"start":{"line":110,"column":0},"end":{"line":110,"column":51}},"110":{"start":{"line":111,"column":0},"end":{"line":111,"column":9}},"111":{"start":{"line":112,"column":0},"end":{"line":112,"column":38}},"112":{"start":{"line":113,"column":0},"end":{"line":113,"column":19}},"113":{"start":{"line":114,"column":0},"end":{"line":114,"column":18}},"114":{"start":{"line":115,"column":0},"end":{"line":115,"column":32}},"115":{"start":{"line":116,"column":0},"end":{"line":116,"column":36}},"116":{"start":{"line":117,"column":0},"end":{"line":117,"column":9}},"117":{"start":{"line":118,"column":0},"end":{"line":118,"column":9}},"118":{"start":{"line":119,"column":0},"end":{"line":119,"column":21}},"119":{"start":{"line":120,"column":0},"end":{"line":120,"column":33}},"120":{"start":{"line":121,"column":0},"end":{"line":121,"column":28}},"121":{"start":{"line":122,"column":0},"end":{"line":122,"column":7}},"122":{"start":{"line":123,"column":0},"end":{"line":123,"column":0}},"123":{"start":{"line":124,"column":0},"end":{"line":124,"column":18}},"124":{"start":{"line":125,"column":0},"end":{"line":125,"column":5}},"125":{"start":{"line":126,"column":0},"end":{"line":126,"column":3}},"126":{"start":{"line":127,"column":0},"end":{"line":127,"column":0}},"127":{"start":{"line":128,"column":0},"end":{"line":128,"column":54}},"128":{"start":{"line":129,"column":0},"end":{"line":129,"column":69}},"129":{"start":{"line":130,"column":0},"end":{"line":130,"column":0}},"130":{"start":{"line":131,"column":0},"end":{"line":131,"column":9}},"131":{"start":{"line":132,"column":0},"end":{"line":132,"column":48}},"132":{"start":{"line":133,"column":0},"end":{"line":133,"column":74}},"133":{"start":{"line":134,"column":0},"end":{"line":134,"column":52}},"134":{"start":{"line":135,"column":0},"end":{"line":135,"column":53}},"135":{"start":{"line":136,"column":0},"end":{"line":136,"column":66}},"136":{"start":{"line":137,"column":0},"end":{"line":137,"column":9}},"137":{"start":{"line":138,"column":0},"end":{"line":138,"column":0}},"138":{"start":{"line":139,"column":0},"end":{"line":139,"column":32}},"139":{"start":{"line":140,"column":0},"end":{"line":140,"column":57}},"140":{"start":{"line":141,"column":0},"end":{"line":141,"column":26}},"141":{"start":{"line":142,"column":0},"end":{"line":142,"column":50}},"142":{"start":{"line":143,"column":0},"end":{"line":143,"column":68}},"143":{"start":{"line":144,"column":0},"end":{"line":144,"column":21}},"144":{"start":{"line":145,"column":0},"end":{"line":145,"column":26}},"145":{"start":{"line":146,"column":0},"end":{"line":146,"column":59}},"146":{"start":{"line":147,"column":0},"end":{"line":147,"column":5}},"147":{"start":{"line":148,"column":0},"end":{"line":148,"column":3}},"148":{"start":{"line":149,"column":0},"end":{"line":149,"column":0}},"149":{"start":{"line":150,"column":0},"end":{"line":150,"column":37}},"150":{"start":{"line":151,"column":0},"end":{"line":151,"column":27}},"151":{"start":{"line":152,"column":0},"end":{"line":152,"column":61}},"152":{"start":{"line":153,"column":0},"end":{"line":153,"column":0}},"153":{"start":{"line":154,"column":0},"end":{"line":154,"column":9}},"154":{"start":{"line":155,"column":0},"end":{"line":155,"column":58}},"155":{"start":{"line":156,"column":0},"end":{"line":156,"column":23}},"156":{"start":{"line":157,"column":0},"end":{"line":157,"column":35}},"157":{"start":{"line":158,"column":0},"end":{"line":158,"column":9}},"158":{"start":{"line":159,"column":0},"end":{"line":159,"column":0}},"159":{"start":{"line":160,"column":0},"end":{"line":160,"column":63}},"160":{"start":{"line":161,"column":0},"end":{"line":161,"column":27}},"161":{"start":{"line":162,"column":0},"end":{"line":162,"column":27}},"162":{"start":{"line":163,"column":0},"end":{"line":163,"column":60}},"163":{"start":{"line":164,"column":0},"end":{"line":164,"column":21}},"164":{"start":{"line":165,"column":0},"end":{"line":165,"column":59}},"165":{"start":{"line":166,"column":0},"end":{"line":166,"column":5}},"166":{"start":{"line":167,"column":0},"end":{"line":167,"column":3}},"167":{"start":{"line":168,"column":0},"end":{"line":168,"column":0}},"168":{"start":{"line":169,"column":0},"end":{"line":169,"column":47}},"169":{"start":{"line":170,"column":0},"end":{"line":170,"column":27}},"170":{"start":{"line":171,"column":0},"end":{"line":171,"column":46}},"171":{"start":{"line":172,"column":0},"end":{"line":172,"column":23}},"172":{"start":{"line":173,"column":0},"end":{"line":173,"column":35}},"173":{"start":{"line":174,"column":0},"end":{"line":174,"column":32}},"174":{"start":{"line":175,"column":0},"end":{"line":175,"column":5}},"175":{"start":{"line":176,"column":0},"end":{"line":176,"column":0}},"176":{"start":{"line":177,"column":0},"end":{"line":177,"column":52}},"177":{"start":{"line":178,"column":0},"end":{"line":178,"column":17}},"178":{"start":{"line":179,"column":0},"end":{"line":179,"column":22}},"179":{"start":{"line":180,"column":0},"end":{"line":180,"column":20}},"180":{"start":{"line":181,"column":0},"end":{"line":181,"column":17}},"181":{"start":{"line":182,"column":0},"end":{"line":182,"column":21}},"182":{"start":{"line":183,"column":0},"end":{"line":183,"column":3}},"183":{"start":{"line":184,"column":0},"end":{"line":184,"column":0}},"184":{"start":{"line":185,"column":0},"end":{"line":185,"column":53}},"185":{"start":{"line":186,"column":0},"end":{"line":186,"column":30}},"186":{"start":{"line":187,"column":0},"end":{"line":187,"column":20}},"187":{"start":{"line":188,"column":0},"end":{"line":188,"column":19}},"188":{"start":{"line":189,"column":0},"end":{"line":189,"column":20}},"189":{"start":{"line":190,"column":0},"end":{"line":190,"column":38}},"190":{"start":{"line":191,"column":0},"end":{"line":191,"column":24}},"191":{"start":{"line":192,"column":0},"end":{"line":192,"column":9}},"192":{"start":{"line":193,"column":0},"end":{"line":193,"column":8}},"193":{"start":{"line":194,"column":0},"end":{"line":194,"column":49}},"194":{"start":{"line":195,"column":0},"end":{"line":195,"column":18}},"195":{"start":{"line":196,"column":0},"end":{"line":196,"column":7}},"196":{"start":{"line":197,"column":0},"end":{"line":197,"column":3}},"197":{"start":{"line":198,"column":0},"end":{"line":198,"column":0}},"198":{"start":{"line":199,"column":0},"end":{"line":199,"column":36}},"199":{"start":{"line":200,"column":0},"end":{"line":200,"column":30}},"200":{"start":{"line":201,"column":0},"end":{"line":201,"column":36}},"201":{"start":{"line":202,"column":0},"end":{"line":202,"column":49}},"202":{"start":{"line":203,"column":0},"end":{"line":203,"column":18}},"203":{"start":{"line":204,"column":0},"end":{"line":204,"column":7}},"204":{"start":{"line":205,"column":0},"end":{"line":205,"column":3}},"205":{"start":{"line":206,"column":0},"end":{"line":206,"column":0}},"206":{"start":{"line":207,"column":0},"end":{"line":207,"column":66}},"207":{"start":{"line":208,"column":0},"end":{"line":208,"column":34}},"208":{"start":{"line":209,"column":0},"end":{"line":209,"column":17}},"209":{"start":{"line":210,"column":0},"end":{"line":210,"column":118}},"210":{"start":{"line":211,"column":0},"end":{"line":211,"column":8}},"211":{"start":{"line":212,"column":0},"end":{"line":212,"column":3}},"212":{"start":{"line":213,"column":0},"end":{"line":213,"column":0}},"213":{"start":{"line":214,"column":0},"end":{"line":214,"column":40}},"214":{"start":{"line":215,"column":0},"end":{"line":215,"column":90}},"215":{"start":{"line":216,"column":0},"end":{"line":216,"column":92}},"216":{"start":{"line":217,"column":0},"end":{"line":217,"column":3}},"217":{"start":{"line":218,"column":0},"end":{"line":218,"column":0}},"218":{"start":{"line":219,"column":0},"end":{"line":219,"column":52}},"219":{"start":{"line":220,"column":0},"end":{"line":220,"column":125}},"220":{"start":{"line":221,"column":0},"end":{"line":221,"column":102}},"221":{"start":{"line":222,"column":0},"end":{"line":222,"column":3}},"222":{"start":{"line":223,"column":0},"end":{"line":223,"column":0}},"223":{"start":{"line":224,"column":0},"end":{"line":224,"column":55}},"224":{"start":{"line":225,"column":0},"end":{"line":225,"column":34}},"225":{"start":{"line":226,"column":0},"end":{"line":226,"column":17}},"226":{"start":{"line":227,"column":0},"end":{"line":227,"column":13}},"227":{"start":{"line":228,"column":0},"end":{"line":228,"column":32}},"228":{"start":{"line":229,"column":0},"end":{"line":229,"column":127}},"229":{"start":{"line":230,"column":0},"end":{"line":230,"column":7}},"230":{"start":{"line":231,"column":0},"end":{"line":231,"column":8}},"231":{"start":{"line":232,"column":0},"end":{"line":232,"column":3}},"232":{"start":{"line":233,"column":0},"end":{"line":233,"column":0}},"233":{"start":{"line":234,"column":0},"end":{"line":234,"column":25}},"234":{"start":{"line":235,"column":0},"end":{"line":235,"column":34}},"235":{"start":{"line":236,"column":0},"end":{"line":236,"column":17}},"236":{"start":{"line":237,"column":0},"end":{"line":237,"column":13}},"237":{"start":{"line":238,"column":0},"end":{"line":238,"column":32}},"238":{"start":{"line":239,"column":0},"end":{"line":239,"column":61}},"239":{"start":{"line":240,"column":0},"end":{"line":240,"column":7}},"240":{"start":{"line":241,"column":0},"end":{"line":241,"column":8}},"241":{"start":{"line":242,"column":0},"end":{"line":242,"column":96}},"242":{"start":{"line":243,"column":0},"end":{"line":243,"column":3}},"243":{"start":{"line":244,"column":0},"end":{"line":244,"column":0}},"244":{"start":{"line":245,"column":0},"end":{"line":245,"column":41}},"245":{"start":{"line":246,"column":0},"end":{"line":246,"column":34}},"246":{"start":{"line":247,"column":0},"end":{"line":247,"column":17}},"247":{"start":{"line":248,"column":0},"end":{"line":248,"column":13}},"248":{"start":{"line":249,"column":0},"end":{"line":249,"column":32}},"249":{"start":{"line":250,"column":0},"end":{"line":250,"column":88}},"250":{"start":{"line":251,"column":0},"end":{"line":251,"column":7}},"251":{"start":{"line":252,"column":0},"end":{"line":252,"column":8}},"252":{"start":{"line":253,"column":0},"end":{"line":253,"column":106}},"253":{"start":{"line":254,"column":0},"end":{"line":254,"column":3}},"254":{"start":{"line":255,"column":0},"end":{"line":255,"column":0}},"255":{"start":{"line":256,"column":0},"end":{"line":256,"column":56}},"256":{"start":{"line":257,"column":0},"end":{"line":257,"column":34}},"257":{"start":{"line":258,"column":0},"end":{"line":258,"column":17}},"258":{"start":{"line":259,"column":0},"end":{"line":259,"column":129}},"259":{"start":{"line":260,"column":0},"end":{"line":260,"column":8}},"260":{"start":{"line":261,"column":0},"end":{"line":261,"column":3}},"261":{"start":{"line":262,"column":0},"end":{"line":262,"column":0}},"262":{"start":{"line":263,"column":0},"end":{"line":263,"column":33}},"263":{"start":{"line":264,"column":0},"end":{"line":264,"column":125}},"264":{"start":{"line":265,"column":0},"end":{"line":265,"column":104}},"265":{"start":{"line":266,"column":0},"end":{"line":266,"column":3}},"266":{"start":{"line":267,"column":0},"end":{"line":267,"column":0}},"267":{"start":{"line":268,"column":0},"end":{"line":268,"column":49}},"268":{"start":{"line":269,"column":0},"end":{"line":269,"column":150}},"269":{"start":{"line":270,"column":0},"end":{"line":270,"column":114}},"270":{"start":{"line":271,"column":0},"end":{"line":271,"column":3}},"271":{"start":{"line":272,"column":0},"end":{"line":272,"column":0}},"272":{"start":{"line":273,"column":0},"end":{"line":273,"column":54}},"273":{"start":{"line":274,"column":0},"end":{"line":274,"column":74}},"274":{"start":{"line":275,"column":0},"end":{"line":275,"column":0}},"275":{"start":{"line":276,"column":0},"end":{"line":276,"column":9}},"276":{"start":{"line":277,"column":0},"end":{"line":277,"column":80}},"277":{"start":{"line":278,"column":0},"end":{"line":278,"column":22}},"278":{"start":{"line":279,"column":0},"end":{"line":279,"column":52}},"279":{"start":{"line":280,"column":0},"end":{"line":280,"column":9}},"280":{"start":{"line":281,"column":0},"end":{"line":281,"column":0}},"281":{"start":{"line":282,"column":0},"end":{"line":282,"column":108}},"282":{"start":{"line":283,"column":0},"end":{"line":283,"column":73}},"283":{"start":{"line":284,"column":0},"end":{"line":284,"column":21}},"284":{"start":{"line":285,"column":0},"end":{"line":285,"column":59}},"285":{"start":{"line":286,"column":0},"end":{"line":286,"column":5}},"286":{"start":{"line":287,"column":0},"end":{"line":287,"column":3}},"287":{"start":{"line":288,"column":0},"end":{"line":288,"column":0}},"288":{"start":{"line":289,"column":0},"end":{"line":289,"column":33}},"289":{"start":{"line":290,"column":0},"end":{"line":290,"column":102}},"290":{"start":{"line":291,"column":0},"end":{"line":291,"column":111}},"291":{"start":{"line":292,"column":0},"end":{"line":292,"column":53}},"292":{"start":{"line":293,"column":0},"end":{"line":293,"column":30}},"293":{"start":{"line":294,"column":0},"end":{"line":294,"column":27}},"294":{"start":{"line":295,"column":0},"end":{"line":295,"column":20}},"295":{"start":{"line":296,"column":0},"end":{"line":296,"column":20}},"296":{"start":{"line":297,"column":0},"end":{"line":297,"column":24}},"297":{"start":{"line":298,"column":0},"end":{"line":298,"column":23}},"298":{"start":{"line":299,"column":0},"end":{"line":299,"column":23}},"299":{"start":{"line":300,"column":0},"end":{"line":300,"column":22}},"300":{"start":{"line":301,"column":0},"end":{"line":301,"column":23}},"301":{"start":{"line":302,"column":0},"end":{"line":302,"column":7}},"302":{"start":{"line":303,"column":0},"end":{"line":303,"column":34}},"303":{"start":{"line":304,"column":0},"end":{"line":304,"column":48}},"304":{"start":{"line":305,"column":0},"end":{"line":305,"column":18}},"305":{"start":{"line":306,"column":0},"end":{"line":306,"column":69}},"306":{"start":{"line":307,"column":0},"end":{"line":307,"column":42}},"307":{"start":{"line":308,"column":0},"end":{"line":308,"column":45}},"308":{"start":{"line":309,"column":0},"end":{"line":309,"column":0}},"309":{"start":{"line":310,"column":0},"end":{"line":310,"column":20}},"310":{"start":{"line":311,"column":0},"end":{"line":311,"column":84}},"311":{"start":{"line":312,"column":0},"end":{"line":312,"column":17}},"312":{"start":{"line":313,"column":0},"end":{"line":313,"column":29}},"313":{"start":{"line":314,"column":0},"end":{"line":314,"column":3}},"314":{"start":{"line":315,"column":0},"end":{"line":315,"column":0}},"315":{"start":{"line":316,"column":0},"end":{"line":316,"column":33}},"316":{"start":{"line":317,"column":0},"end":{"line":317,"column":70}},"317":{"start":{"line":318,"column":0},"end":{"line":318,"column":0}},"318":{"start":{"line":319,"column":0},"end":{"line":319,"column":9}},"319":{"start":{"line":320,"column":0},"end":{"line":320,"column":46}},"320":{"start":{"line":321,"column":0},"end":{"line":321,"column":62}},"321":{"start":{"line":322,"column":0},"end":{"line":322,"column":22}},"322":{"start":{"line":323,"column":0},"end":{"line":323,"column":40}},"323":{"start":{"line":324,"column":0},"end":{"line":324,"column":9}},"324":{"start":{"line":325,"column":0},"end":{"line":325,"column":0}},"325":{"start":{"line":326,"column":0},"end":{"line":326,"column":37}},"326":{"start":{"line":327,"column":0},"end":{"line":327,"column":62}},"327":{"start":{"line":328,"column":0},"end":{"line":328,"column":109}},"328":{"start":{"line":329,"column":0},"end":{"line":329,"column":21}},"329":{"start":{"line":330,"column":0},"end":{"line":330,"column":59}},"330":{"start":{"line":331,"column":0},"end":{"line":331,"column":5}},"331":{"start":{"line":332,"column":0},"end":{"line":332,"column":3}},"332":{"start":{"line":333,"column":0},"end":{"line":333,"column":0}},"333":{"start":{"line":334,"column":0},"end":{"line":334,"column":37}},"334":{"start":{"line":335,"column":0},"end":{"line":335,"column":27}},"335":{"start":{"line":336,"column":0},"end":{"line":336,"column":0}},"336":{"start":{"line":337,"column":0},"end":{"line":337,"column":35}},"337":{"start":{"line":338,"column":0},"end":{"line":338,"column":91}},"338":{"start":{"line":339,"column":0},"end":{"line":339,"column":13}},"339":{"start":{"line":340,"column":0},"end":{"line":340,"column":5}},"340":{"start":{"line":341,"column":0},"end":{"line":341,"column":0}},"341":{"start":{"line":342,"column":0},"end":{"line":342,"column":141}},"342":{"start":{"line":343,"column":0},"end":{"line":343,"column":0}},"343":{"start":{"line":344,"column":0},"end":{"line":344,"column":9}},"344":{"start":{"line":345,"column":0},"end":{"line":345,"column":38}},"345":{"start":{"line":346,"column":0},"end":{"line":346,"column":49}},"346":{"start":{"line":347,"column":0},"end":{"line":347,"column":45}},"347":{"start":{"line":348,"column":0},"end":{"line":348,"column":55}},"348":{"start":{"line":349,"column":0},"end":{"line":349,"column":42}},"349":{"start":{"line":350,"column":0},"end":{"line":350,"column":39}},"350":{"start":{"line":351,"column":0},"end":{"line":351,"column":9}},"351":{"start":{"line":352,"column":0},"end":{"line":352,"column":0}},"352":{"start":{"line":353,"column":0},"end":{"line":353,"column":63}},"353":{"start":{"line":354,"column":0},"end":{"line":354,"column":23}},"354":{"start":{"line":355,"column":0},"end":{"line":355,"column":22}},"355":{"start":{"line":356,"column":0},"end":{"line":356,"column":9}},"356":{"start":{"line":357,"column":0},"end":{"line":357,"column":0}},"357":{"start":{"line":358,"column":0},"end":{"line":358,"column":110}},"358":{"start":{"line":359,"column":0},"end":{"line":359,"column":0}},"359":{"start":{"line":360,"column":0},"end":{"line":360,"column":60}},"360":{"start":{"line":361,"column":0},"end":{"line":361,"column":32}},"361":{"start":{"line":362,"column":0},"end":{"line":362,"column":89}},"362":{"start":{"line":363,"column":0},"end":{"line":363,"column":51}},"363":{"start":{"line":364,"column":0},"end":{"line":364,"column":20}},"364":{"start":{"line":365,"column":0},"end":{"line":365,"column":9}},"365":{"start":{"line":366,"column":0},"end":{"line":366,"column":37}},"366":{"start":{"line":367,"column":0},"end":{"line":367,"column":27}},"367":{"start":{"line":368,"column":0},"end":{"line":368,"column":159}},"368":{"start":{"line":369,"column":0},"end":{"line":369,"column":21}},"369":{"start":{"line":370,"column":0},"end":{"line":370,"column":59}},"370":{"start":{"line":371,"column":0},"end":{"line":371,"column":5}},"371":{"start":{"line":372,"column":0},"end":{"line":372,"column":3}},"372":{"start":{"line":373,"column":0},"end":{"line":373,"column":0}},"373":{"start":{"line":374,"column":0},"end":{"line":374,"column":28}},"374":{"start":{"line":375,"column":0},"end":{"line":375,"column":27}},"375":{"start":{"line":376,"column":0},"end":{"line":376,"column":0}},"376":{"start":{"line":377,"column":0},"end":{"line":377,"column":72}},"377":{"start":{"line":378,"column":0},"end":{"line":378,"column":99}},"378":{"start":{"line":379,"column":0},"end":{"line":379,"column":13}},"379":{"start":{"line":380,"column":0},"end":{"line":380,"column":5}},"380":{"start":{"line":381,"column":0},"end":{"line":381,"column":0}},"381":{"start":{"line":382,"column":0},"end":{"line":382,"column":98}},"382":{"start":{"line":383,"column":0},"end":{"line":383,"column":33}},"383":{"start":{"line":384,"column":0},"end":{"line":384,"column":93}},"384":{"start":{"line":385,"column":0},"end":{"line":385,"column":3}},"385":{"start":{"line":386,"column":0},"end":{"line":386,"column":0}},"386":{"start":{"line":387,"column":0},"end":{"line":387,"column":39}},"387":{"start":{"line":388,"column":0},"end":{"line":388,"column":128}},"388":{"start":{"line":389,"column":0},"end":{"line":389,"column":103}},"389":{"start":{"line":390,"column":0},"end":{"line":390,"column":3}},"390":{"start":{"line":391,"column":0},"end":{"line":391,"column":0}},"391":{"start":{"line":392,"column":0},"end":{"line":392,"column":29}},"392":{"start":{"line":393,"column":0},"end":{"line":393,"column":27}},"393":{"start":{"line":394,"column":0},"end":{"line":394,"column":0}},"394":{"start":{"line":395,"column":0},"end":{"line":395,"column":68}},"395":{"start":{"line":396,"column":0},"end":{"line":396,"column":93}},"396":{"start":{"line":397,"column":0},"end":{"line":397,"column":13}},"397":{"start":{"line":398,"column":0},"end":{"line":398,"column":5}},"398":{"start":{"line":399,"column":0},"end":{"line":399,"column":0}},"399":{"start":{"line":400,"column":0},"end":{"line":400,"column":101}},"400":{"start":{"line":401,"column":0},"end":{"line":401,"column":35}},"401":{"start":{"line":402,"column":0},"end":{"line":402,"column":94}},"402":{"start":{"line":403,"column":0},"end":{"line":403,"column":3}},"403":{"start":{"line":404,"column":0},"end":{"line":404,"column":0}},"404":{"start":{"line":405,"column":0},"end":{"line":405,"column":40}},"405":{"start":{"line":406,"column":0},"end":{"line":406,"column":130}},"406":{"start":{"line":407,"column":0},"end":{"line":407,"column":104}},"407":{"start":{"line":408,"column":0},"end":{"line":408,"column":3}},"408":{"start":{"line":409,"column":0},"end":{"line":409,"column":0}},"409":{"start":{"line":410,"column":0},"end":{"line":410,"column":34}},"410":{"start":{"line":411,"column":0},"end":{"line":411,"column":65}},"411":{"start":{"line":412,"column":0},"end":{"line":412,"column":0}},"412":{"start":{"line":413,"column":0},"end":{"line":413,"column":9}},"413":{"start":{"line":414,"column":0},"end":{"line":414,"column":73}},"414":{"start":{"line":415,"column":0},"end":{"line":415,"column":70}},"415":{"start":{"line":416,"column":0},"end":{"line":416,"column":32}},"416":{"start":{"line":417,"column":0},"end":{"line":417,"column":99}},"417":{"start":{"line":418,"column":0},"end":{"line":418,"column":51}},"418":{"start":{"line":419,"column":0},"end":{"line":419,"column":20}},"419":{"start":{"line":420,"column":0},"end":{"line":420,"column":9}},"420":{"start":{"line":421,"column":0},"end":{"line":421,"column":64}},"421":{"start":{"line":422,"column":0},"end":{"line":422,"column":21}},"422":{"start":{"line":423,"column":0},"end":{"line":423,"column":59}},"423":{"start":{"line":424,"column":0},"end":{"line":424,"column":5}},"424":{"start":{"line":425,"column":0},"end":{"line":425,"column":3}},"425":{"start":{"line":426,"column":0},"end":{"line":426,"column":0}},"426":{"start":{"line":427,"column":0},"end":{"line":427,"column":40}},"427":{"start":{"line":428,"column":0},"end":{"line":428,"column":27}},"428":{"start":{"line":429,"column":0},"end":{"line":429,"column":0}},"429":{"start":{"line":430,"column":0},"end":{"line":430,"column":46}},"430":{"start":{"line":431,"column":0},"end":{"line":431,"column":91}},"431":{"start":{"line":432,"column":0},"end":{"line":432,"column":13}},"432":{"start":{"line":433,"column":0},"end":{"line":433,"column":5}},"433":{"start":{"line":434,"column":0},"end":{"line":434,"column":0}},"434":{"start":{"line":435,"column":0},"end":{"line":435,"column":68}},"435":{"start":{"line":436,"column":0},"end":{"line":436,"column":91}},"436":{"start":{"line":437,"column":0},"end":{"line":437,"column":13}},"437":{"start":{"line":438,"column":0},"end":{"line":438,"column":5}},"438":{"start":{"line":439,"column":0},"end":{"line":439,"column":0}},"439":{"start":{"line":440,"column":0},"end":{"line":440,"column":74}},"440":{"start":{"line":441,"column":0},"end":{"line":441,"column":0}},"441":{"start":{"line":442,"column":0},"end":{"line":442,"column":9}},"442":{"start":{"line":443,"column":0},"end":{"line":443,"column":66}},"443":{"start":{"line":444,"column":0},"end":{"line":444,"column":22}},"444":{"start":{"line":445,"column":0},"end":{"line":445,"column":30}},"445":{"start":{"line":446,"column":0},"end":{"line":446,"column":56}},"446":{"start":{"line":447,"column":0},"end":{"line":447,"column":47}},"447":{"start":{"line":448,"column":0},"end":{"line":448,"column":10}},"448":{"start":{"line":449,"column":0},"end":{"line":449,"column":9}},"449":{"start":{"line":450,"column":0},"end":{"line":450,"column":0}},"450":{"start":{"line":451,"column":0},"end":{"line":451,"column":41}},"451":{"start":{"line":452,"column":0},"end":{"line":452,"column":111}},"452":{"start":{"line":453,"column":0},"end":{"line":453,"column":21}},"453":{"start":{"line":454,"column":0},"end":{"line":454,"column":59}},"454":{"start":{"line":455,"column":0},"end":{"line":455,"column":5}},"455":{"start":{"line":456,"column":0},"end":{"line":456,"column":3}},"456":{"start":{"line":457,"column":0},"end":{"line":457,"column":0}},"457":{"start":{"line":458,"column":0},"end":{"line":458,"column":20}},"458":{"start":{"line":459,"column":0},"end":{"line":459,"column":99}},"459":{"start":{"line":460,"column":0},"end":{"line":460,"column":3}},"460":{"start":{"line":461,"column":0},"end":{"line":461,"column":0}},"461":{"start":{"line":462,"column":0},"end":{"line":462,"column":10}},"462":{"start":{"line":463,"column":0},"end":{"line":463,"column":33}},"463":{"start":{"line":464,"column":0},"end":{"line":464,"column":60}},"464":{"start":{"line":465,"column":0},"end":{"line":465,"column":43}},"465":{"start":{"line":466,"column":0},"end":{"line":466,"column":96}},"466":{"start":{"line":467,"column":0},"end":{"line":467,"column":50}},"467":{"start":{"line":468,"column":0},"end":{"line":468,"column":27}},"468":{"start":{"line":469,"column":0},"end":{"line":469,"column":14}},"469":{"start":{"line":470,"column":0},"end":{"line":470,"column":63}},"470":{"start":{"line":471,"column":0},"end":{"line":471,"column":38}},"471":{"start":{"line":472,"column":0},"end":{"line":472,"column":134}},"472":{"start":{"line":473,"column":0},"end":{"line":473,"column":14}},"473":{"start":{"line":474,"column":0},"end":{"line":474,"column":46}},"474":{"start":{"line":475,"column":0},"end":{"line":475,"column":80}},"475":{"start":{"line":476,"column":0},"end":{"line":476,"column":24}},"476":{"start":{"line":477,"column":0},"end":{"line":477,"column":14}},"477":{"start":{"line":478,"column":0},"end":{"line":478,"column":89}},"478":{"start":{"line":479,"column":0},"end":{"line":479,"column":35}},"479":{"start":{"line":480,"column":0},"end":{"line":480,"column":19}},"480":{"start":{"line":481,"column":0},"end":{"line":481,"column":19}},"481":{"start":{"line":482,"column":0},"end":{"line":482,"column":90}},"482":{"start":{"line":483,"column":0},"end":{"line":483,"column":32}},"483":{"start":{"line":484,"column":0},"end":{"line":484,"column":18}},"484":{"start":{"line":485,"column":0},"end":{"line":485,"column":19}},"485":{"start":{"line":486,"column":0},"end":{"line":486,"column":14}},"486":{"start":{"line":487,"column":0},"end":{"line":487,"column":15}},"487":{"start":{"line":488,"column":0},"end":{"line":488,"column":0}},"488":{"start":{"line":489,"column":0},"end":{"line":489,"column":62}},"489":{"start":{"line":490,"column":0},"end":{"line":490,"column":49}},"490":{"start":{"line":491,"column":0},"end":{"line":491,"column":119}},"491":{"start":{"line":492,"column":0},"end":{"line":492,"column":30}},"492":{"start":{"line":493,"column":0},"end":{"line":493,"column":32}},"493":{"start":{"line":494,"column":0},"end":{"line":494,"column":19}},"494":{"start":{"line":495,"column":0},"end":{"line":495,"column":11}},"495":{"start":{"line":496,"column":0},"end":{"line":496,"column":12}},"496":{"start":{"line":497,"column":0},"end":{"line":497,"column":0}},"497":{"start":{"line":498,"column":0},"end":{"line":498,"column":91}},"498":{"start":{"line":499,"column":0},"end":{"line":499,"column":0}},"499":{"start":{"line":500,"column":0},"end":{"line":500,"column":49}},"500":{"start":{"line":501,"column":0},"end":{"line":501,"column":45}},"501":{"start":{"line":502,"column":0},"end":{"line":502,"column":45}},"502":{"start":{"line":503,"column":0},"end":{"line":503,"column":72}},"503":{"start":{"line":504,"column":0},"end":{"line":504,"column":112}},"504":{"start":{"line":505,"column":0},"end":{"line":505,"column":34}},"505":{"start":{"line":506,"column":0},"end":{"line":506,"column":40}},"506":{"start":{"line":507,"column":0},"end":{"line":507,"column":36}},"507":{"start":{"line":508,"column":0},"end":{"line":508,"column":39}},"508":{"start":{"line":509,"column":0},"end":{"line":509,"column":23}},"509":{"start":{"line":510,"column":0},"end":{"line":510,"column":15}},"510":{"start":{"line":511,"column":0},"end":{"line":511,"column":16}},"511":{"start":{"line":512,"column":0},"end":{"line":512,"column":0}},"512":{"start":{"line":513,"column":0},"end":{"line":513,"column":50}},"513":{"start":{"line":514,"column":0},"end":{"line":514,"column":63}},"514":{"start":{"line":515,"column":0},"end":{"line":515,"column":52}},"515":{"start":{"line":516,"column":0},"end":{"line":516,"column":38}},"516":{"start":{"line":517,"column":0},"end":{"line":517,"column":38}},"517":{"start":{"line":518,"column":0},"end":{"line":518,"column":20}},"518":{"start":{"line":519,"column":0},"end":{"line":519,"column":49}},"519":{"start":{"line":520,"column":0},"end":{"line":520,"column":129}},"520":{"start":{"line":521,"column":0},"end":{"line":521,"column":133}},"521":{"start":{"line":522,"column":0},"end":{"line":522,"column":128}},"522":{"start":{"line":523,"column":0},"end":{"line":523,"column":125}},"523":{"start":{"line":524,"column":0},"end":{"line":524,"column":20}},"524":{"start":{"line":525,"column":0},"end":{"line":525,"column":22}},"525":{"start":{"line":526,"column":0},"end":{"line":526,"column":0}},"526":{"start":{"line":527,"column":0},"end":{"line":527,"column":63}},"527":{"start":{"line":528,"column":0},"end":{"line":528,"column":52}},"528":{"start":{"line":529,"column":0},"end":{"line":529,"column":41}},"529":{"start":{"line":530,"column":0},"end":{"line":530,"column":39}},"530":{"start":{"line":531,"column":0},"end":{"line":531,"column":20}},"531":{"start":{"line":532,"column":0},"end":{"line":532,"column":51}},"532":{"start":{"line":533,"column":0},"end":{"line":533,"column":57}},"533":{"start":{"line":534,"column":0},"end":{"line":534,"column":146}},"534":{"start":{"line":535,"column":0},"end":{"line":535,"column":78}},"535":{"start":{"line":536,"column":0},"end":{"line":536,"column":48}},"536":{"start":{"line":537,"column":0},"end":{"line":537,"column":27}},"537":{"start":{"line":538,"column":0},"end":{"line":538,"column":19}},"538":{"start":{"line":539,"column":0},"end":{"line":539,"column":20}},"539":{"start":{"line":540,"column":0},"end":{"line":540,"column":22}},"540":{"start":{"line":541,"column":0},"end":{"line":541,"column":0}},"541":{"start":{"line":542,"column":0},"end":{"line":542,"column":63}},"542":{"start":{"line":543,"column":0},"end":{"line":543,"column":52}},"543":{"start":{"line":544,"column":0},"end":{"line":544,"column":39}},"544":{"start":{"line":545,"column":0},"end":{"line":545,"column":43}},"545":{"start":{"line":546,"column":0},"end":{"line":546,"column":20}},"546":{"start":{"line":547,"column":0},"end":{"line":547,"column":49}},"547":{"start":{"line":548,"column":0},"end":{"line":548,"column":79}},"548":{"start":{"line":549,"column":0},"end":{"line":549,"column":78}},"549":{"start":{"line":550,"column":0},"end":{"line":550,"column":80}},"550":{"start":{"line":551,"column":0},"end":{"line":551,"column":69}},"551":{"start":{"line":552,"column":0},"end":{"line":552,"column":89}},"552":{"start":{"line":553,"column":0},"end":{"line":553,"column":20}},"553":{"start":{"line":554,"column":0},"end":{"line":554,"column":22}},"554":{"start":{"line":555,"column":0},"end":{"line":555,"column":0}},"555":{"start":{"line":556,"column":0},"end":{"line":556,"column":63}},"556":{"start":{"line":557,"column":0},"end":{"line":557,"column":52}},"557":{"start":{"line":558,"column":0},"end":{"line":558,"column":41}},"558":{"start":{"line":559,"column":0},"end":{"line":559,"column":35}},"559":{"start":{"line":560,"column":0},"end":{"line":560,"column":20}},"560":{"start":{"line":561,"column":0},"end":{"line":561,"column":50}},"561":{"start":{"line":562,"column":0},"end":{"line":562,"column":57}},"562":{"start":{"line":563,"column":0},"end":{"line":563,"column":99}},"563":{"start":{"line":564,"column":0},"end":{"line":564,"column":59}},"564":{"start":{"line":565,"column":0},"end":{"line":565,"column":80}},"565":{"start":{"line":566,"column":0},"end":{"line":566,"column":27}},"566":{"start":{"line":567,"column":0},"end":{"line":567,"column":19}},"567":{"start":{"line":568,"column":0},"end":{"line":568,"column":87}},"568":{"start":{"line":569,"column":0},"end":{"line":569,"column":20}},"569":{"start":{"line":570,"column":0},"end":{"line":570,"column":22}},"570":{"start":{"line":571,"column":0},"end":{"line":571,"column":16}},"571":{"start":{"line":572,"column":0},"end":{"line":572,"column":18}},"572":{"start":{"line":573,"column":0},"end":{"line":573,"column":8}},"573":{"start":{"line":574,"column":0},"end":{"line":574,"column":0}},"574":{"start":{"line":575,"column":0},"end":{"line":575,"column":47}},"575":{"start":{"line":576,"column":0},"end":{"line":576,"column":46}},"576":{"start":{"line":577,"column":0},"end":{"line":577,"column":38}},"577":{"start":{"line":578,"column":0},"end":{"line":578,"column":31}},"578":{"start":{"line":579,"column":0},"end":{"line":579,"column":45}},"579":{"start":{"line":580,"column":0},"end":{"line":580,"column":21}},"580":{"start":{"line":581,"column":0},"end":{"line":581,"column":26}},"581":{"start":{"line":582,"column":0},"end":{"line":582,"column":130}},"582":{"start":{"line":583,"column":0},"end":{"line":583,"column":22}},"583":{"start":{"line":584,"column":0},"end":{"line":584,"column":21}},"584":{"start":{"line":585,"column":0},"end":{"line":585,"column":27}},"585":{"start":{"line":586,"column":0},"end":{"line":586,"column":132}},"586":{"start":{"line":587,"column":0},"end":{"line":587,"column":22}},"587":{"start":{"line":588,"column":0},"end":{"line":588,"column":44}},"588":{"start":{"line":589,"column":0},"end":{"line":589,"column":29}},"589":{"start":{"line":590,"column":0},"end":{"line":590,"column":148}},"590":{"start":{"line":591,"column":0},"end":{"line":591,"column":22}},"591":{"start":{"line":592,"column":0},"end":{"line":592,"column":21}},"592":{"start":{"line":593,"column":0},"end":{"line":593,"column":21}},"593":{"start":{"line":594,"column":0},"end":{"line":594,"column":136}},"594":{"start":{"line":595,"column":0},"end":{"line":595,"column":22}},"595":{"start":{"line":596,"column":0},"end":{"line":596,"column":21}},"596":{"start":{"line":597,"column":0},"end":{"line":597,"column":21}},"597":{"start":{"line":598,"column":0},"end":{"line":598,"column":136}},"598":{"start":{"line":599,"column":0},"end":{"line":599,"column":22}},"599":{"start":{"line":600,"column":0},"end":{"line":600,"column":44}},"600":{"start":{"line":601,"column":0},"end":{"line":601,"column":23}},"601":{"start":{"line":602,"column":0},"end":{"line":602,"column":152}},"602":{"start":{"line":603,"column":0},"end":{"line":603,"column":22}},"603":{"start":{"line":604,"column":0},"end":{"line":604,"column":21}},"604":{"start":{"line":605,"column":0},"end":{"line":605,"column":28}},"605":{"start":{"line":606,"column":0},"end":{"line":606,"column":136}},"606":{"start":{"line":607,"column":0},"end":{"line":607,"column":22}},"607":{"start":{"line":608,"column":0},"end":{"line":608,"column":21}},"608":{"start":{"line":609,"column":0},"end":{"line":609,"column":36}},"609":{"start":{"line":610,"column":0},"end":{"line":610,"column":169}},"610":{"start":{"line":611,"column":0},"end":{"line":611,"column":22}},"611":{"start":{"line":612,"column":0},"end":{"line":612,"column":21}},"612":{"start":{"line":613,"column":0},"end":{"line":613,"column":29}},"613":{"start":{"line":614,"column":0},"end":{"line":614,"column":157}},"614":{"start":{"line":615,"column":0},"end":{"line":615,"column":22}},"615":{"start":{"line":616,"column":0},"end":{"line":616,"column":21}},"616":{"start":{"line":617,"column":0},"end":{"line":617,"column":30}},"617":{"start":{"line":618,"column":0},"end":{"line":618,"column":159}},"618":{"start":{"line":619,"column":0},"end":{"line":619,"column":22}},"619":{"start":{"line":620,"column":0},"end":{"line":620,"column":21}},"620":{"start":{"line":621,"column":0},"end":{"line":621,"column":28}},"621":{"start":{"line":622,"column":0},"end":{"line":622,"column":155}},"622":{"start":{"line":623,"column":0},"end":{"line":623,"column":22}},"623":{"start":{"line":624,"column":0},"end":{"line":624,"column":21}},"624":{"start":{"line":625,"column":0},"end":{"line":625,"column":29}},"625":{"start":{"line":626,"column":0},"end":{"line":626,"column":66}},"626":{"start":{"line":627,"column":0},"end":{"line":627,"column":22}},"627":{"start":{"line":628,"column":0},"end":{"line":628,"column":18}},"628":{"start":{"line":629,"column":0},"end":{"line":629,"column":16}},"629":{"start":{"line":630,"column":0},"end":{"line":630,"column":0}},"630":{"start":{"line":631,"column":0},"end":{"line":631,"column":48}},"631":{"start":{"line":632,"column":0},"end":{"line":632,"column":38}},"632":{"start":{"line":633,"column":0},"end":{"line":633,"column":124}},"633":{"start":{"line":634,"column":0},"end":{"line":634,"column":84}},"634":{"start":{"line":635,"column":0},"end":{"line":635,"column":32}},"635":{"start":{"line":636,"column":0},"end":{"line":636,"column":31}},"636":{"start":{"line":637,"column":0},"end":{"line":637,"column":21}},"637":{"start":{"line":638,"column":0},"end":{"line":638,"column":16}},"638":{"start":{"line":639,"column":0},"end":{"line":639,"column":18}},"639":{"start":{"line":640,"column":0},"end":{"line":640,"column":8}},"640":{"start":{"line":641,"column":0},"end":{"line":641,"column":0}},"641":{"start":{"line":642,"column":0},"end":{"line":642,"column":48}},"642":{"start":{"line":643,"column":0},"end":{"line":643,"column":48}},"643":{"start":{"line":644,"column":0},"end":{"line":644,"column":57}},"644":{"start":{"line":645,"column":0},"end":{"line":645,"column":36}},"645":{"start":{"line":646,"column":0},"end":{"line":646,"column":45}},"646":{"start":{"line":647,"column":0},"end":{"line":647,"column":21}},"647":{"start":{"line":648,"column":0},"end":{"line":648,"column":30}},"648":{"start":{"line":649,"column":0},"end":{"line":649,"column":145}},"649":{"start":{"line":650,"column":0},"end":{"line":650,"column":22}},"650":{"start":{"line":651,"column":0},"end":{"line":651,"column":21}},"651":{"start":{"line":652,"column":0},"end":{"line":652,"column":36}},"652":{"start":{"line":653,"column":0},"end":{"line":653,"column":157}},"653":{"start":{"line":654,"column":0},"end":{"line":654,"column":22}},"654":{"start":{"line":655,"column":0},"end":{"line":655,"column":44}},"655":{"start":{"line":656,"column":0},"end":{"line":656,"column":24}},"656":{"start":{"line":657,"column":0},"end":{"line":657,"column":147}},"657":{"start":{"line":658,"column":0},"end":{"line":658,"column":22}},"658":{"start":{"line":659,"column":0},"end":{"line":659,"column":18}},"659":{"start":{"line":660,"column":0},"end":{"line":660,"column":45}},"660":{"start":{"line":661,"column":0},"end":{"line":661,"column":66}},"661":{"start":{"line":662,"column":0},"end":{"line":662,"column":84}},"662":{"start":{"line":663,"column":0},"end":{"line":663,"column":51}},"663":{"start":{"line":664,"column":0},"end":{"line":664,"column":27}},"664":{"start":{"line":665,"column":0},"end":{"line":665,"column":27}},"665":{"start":{"line":666,"column":0},"end":{"line":666,"column":122}},"666":{"start":{"line":667,"column":0},"end":{"line":667,"column":28}},"667":{"start":{"line":668,"column":0},"end":{"line":668,"column":27}},"668":{"start":{"line":669,"column":0},"end":{"line":669,"column":28}},"669":{"start":{"line":670,"column":0},"end":{"line":670,"column":124}},"670":{"start":{"line":671,"column":0},"end":{"line":671,"column":28}},"671":{"start":{"line":672,"column":0},"end":{"line":672,"column":50}},"672":{"start":{"line":673,"column":0},"end":{"line":673,"column":33}},"673":{"start":{"line":674,"column":0},"end":{"line":674,"column":146}},"674":{"start":{"line":675,"column":0},"end":{"line":675,"column":28}},"675":{"start":{"line":676,"column":0},"end":{"line":676,"column":24}},"676":{"start":{"line":677,"column":0},"end":{"line":677,"column":137}},"677":{"start":{"line":678,"column":0},"end":{"line":678,"column":40}},"678":{"start":{"line":679,"column":0},"end":{"line":679,"column":27}},"679":{"start":{"line":680,"column":0},"end":{"line":680,"column":26}},"680":{"start":{"line":681,"column":0},"end":{"line":681,"column":17}},"681":{"start":{"line":682,"column":0},"end":{"line":682,"column":18}},"682":{"start":{"line":683,"column":0},"end":{"line":683,"column":101}},"683":{"start":{"line":684,"column":0},"end":{"line":684,"column":16}},"684":{"start":{"line":685,"column":0},"end":{"line":685,"column":0}},"685":{"start":{"line":686,"column":0},"end":{"line":686,"column":57}},"686":{"start":{"line":687,"column":0},"end":{"line":687,"column":45}},"687":{"start":{"line":688,"column":0},"end":{"line":688,"column":53}},"688":{"start":{"line":689,"column":0},"end":{"line":689,"column":76}},"689":{"start":{"line":690,"column":0},"end":{"line":690,"column":90}},"690":{"start":{"line":691,"column":0},"end":{"line":691,"column":25}},"691":{"start":{"line":692,"column":0},"end":{"line":692,"column":28}},"692":{"start":{"line":693,"column":0},"end":{"line":693,"column":117}},"693":{"start":{"line":694,"column":0},"end":{"line":694,"column":26}},"694":{"start":{"line":695,"column":0},"end":{"line":695,"column":143}},"695":{"start":{"line":696,"column":0},"end":{"line":696,"column":40}},"696":{"start":{"line":697,"column":0},"end":{"line":697,"column":27}},"697":{"start":{"line":698,"column":0},"end":{"line":698,"column":26}},"698":{"start":{"line":699,"column":0},"end":{"line":699,"column":17}},"699":{"start":{"line":700,"column":0},"end":{"line":700,"column":18}},"700":{"start":{"line":701,"column":0},"end":{"line":701,"column":117}},"701":{"start":{"line":702,"column":0},"end":{"line":702,"column":45}},"702":{"start":{"line":703,"column":0},"end":{"line":703,"column":44}},"703":{"start":{"line":704,"column":0},"end":{"line":704,"column":36}},"704":{"start":{"line":705,"column":0},"end":{"line":705,"column":141}},"705":{"start":{"line":706,"column":0},"end":{"line":706,"column":22}},"706":{"start":{"line":707,"column":0},"end":{"line":707,"column":44}},"707":{"start":{"line":708,"column":0},"end":{"line":708,"column":30}},"708":{"start":{"line":709,"column":0},"end":{"line":709,"column":151}},"709":{"start":{"line":710,"column":0},"end":{"line":710,"column":22}},"710":{"start":{"line":711,"column":0},"end":{"line":711,"column":18}},"711":{"start":{"line":712,"column":0},"end":{"line":712,"column":16}},"712":{"start":{"line":713,"column":0},"end":{"line":713,"column":0}},"713":{"start":{"line":714,"column":0},"end":{"line":714,"column":57}},"714":{"start":{"line":715,"column":0},"end":{"line":715,"column":37}},"715":{"start":{"line":716,"column":0},"end":{"line":716,"column":45}},"716":{"start":{"line":717,"column":0},"end":{"line":717,"column":66}},"717":{"start":{"line":718,"column":0},"end":{"line":718,"column":86}},"718":{"start":{"line":719,"column":0},"end":{"line":719,"column":51}},"719":{"start":{"line":720,"column":0},"end":{"line":720,"column":27}},"720":{"start":{"line":721,"column":0},"end":{"line":721,"column":26}},"721":{"start":{"line":722,"column":0},"end":{"line":722,"column":141}},"722":{"start":{"line":723,"column":0},"end":{"line":723,"column":28}},"723":{"start":{"line":724,"column":0},"end":{"line":724,"column":27}},"724":{"start":{"line":725,"column":0},"end":{"line":725,"column":26}},"725":{"start":{"line":726,"column":0},"end":{"line":726,"column":141}},"726":{"start":{"line":727,"column":0},"end":{"line":727,"column":28}},"727":{"start":{"line":728,"column":0},"end":{"line":728,"column":27}},"728":{"start":{"line":729,"column":0},"end":{"line":729,"column":32}},"729":{"start":{"line":730,"column":0},"end":{"line":730,"column":153}},"730":{"start":{"line":731,"column":0},"end":{"line":731,"column":28}},"731":{"start":{"line":732,"column":0},"end":{"line":732,"column":27}},"732":{"start":{"line":733,"column":0},"end":{"line":733,"column":31}},"733":{"start":{"line":734,"column":0},"end":{"line":734,"column":143}},"734":{"start":{"line":735,"column":0},"end":{"line":735,"column":28}},"735":{"start":{"line":736,"column":0},"end":{"line":736,"column":50}},"736":{"start":{"line":737,"column":0},"end":{"line":737,"column":25}},"737":{"start":{"line":738,"column":0},"end":{"line":738,"column":151}},"738":{"start":{"line":739,"column":0},"end":{"line":739,"column":28}},"739":{"start":{"line":740,"column":0},"end":{"line":740,"column":24}},"740":{"start":{"line":741,"column":0},"end":{"line":741,"column":157}},"741":{"start":{"line":742,"column":0},"end":{"line":742,"column":40}},"742":{"start":{"line":743,"column":0},"end":{"line":743,"column":27}},"743":{"start":{"line":744,"column":0},"end":{"line":744,"column":26}},"744":{"start":{"line":745,"column":0},"end":{"line":745,"column":17}},"745":{"start":{"line":746,"column":0},"end":{"line":746,"column":18}},"746":{"start":{"line":747,"column":0},"end":{"line":747,"column":138}},"747":{"start":{"line":748,"column":0},"end":{"line":748,"column":16}},"748":{"start":{"line":749,"column":0},"end":{"line":749,"column":0}},"749":{"start":{"line":750,"column":0},"end":{"line":750,"column":57}},"750":{"start":{"line":751,"column":0},"end":{"line":751,"column":35}},"751":{"start":{"line":752,"column":0},"end":{"line":752,"column":45}},"752":{"start":{"line":753,"column":0},"end":{"line":753,"column":74}},"753":{"start":{"line":754,"column":0},"end":{"line":754,"column":90}},"754":{"start":{"line":755,"column":0},"end":{"line":755,"column":51}},"755":{"start":{"line":756,"column":0},"end":{"line":756,"column":27}},"756":{"start":{"line":757,"column":0},"end":{"line":757,"column":33}},"757":{"start":{"line":758,"column":0},"end":{"line":758,"column":149}},"758":{"start":{"line":759,"column":0},"end":{"line":759,"column":28}},"759":{"start":{"line":760,"column":0},"end":{"line":760,"column":27}},"760":{"start":{"line":761,"column":0},"end":{"line":761,"column":26}},"761":{"start":{"line":762,"column":0},"end":{"line":762,"column":149}},"762":{"start":{"line":763,"column":0},"end":{"line":763,"column":28}},"763":{"start":{"line":764,"column":0},"end":{"line":764,"column":27}},"764":{"start":{"line":765,"column":0},"end":{"line":765,"column":28}},"765":{"start":{"line":766,"column":0},"end":{"line":766,"column":196}},"766":{"start":{"line":767,"column":0},"end":{"line":767,"column":28}},"767":{"start":{"line":768,"column":0},"end":{"line":768,"column":50}},"768":{"start":{"line":769,"column":0},"end":{"line":769,"column":27}},"769":{"start":{"line":770,"column":0},"end":{"line":770,"column":163}},"770":{"start":{"line":771,"column":0},"end":{"line":771,"column":28}},"771":{"start":{"line":772,"column":0},"end":{"line":772,"column":24}},"772":{"start":{"line":773,"column":0},"end":{"line":773,"column":165}},"773":{"start":{"line":774,"column":0},"end":{"line":774,"column":40}},"774":{"start":{"line":775,"column":0},"end":{"line":775,"column":27}},"775":{"start":{"line":776,"column":0},"end":{"line":776,"column":26}},"776":{"start":{"line":777,"column":0},"end":{"line":777,"column":17}},"777":{"start":{"line":778,"column":0},"end":{"line":778,"column":18}},"778":{"start":{"line":779,"column":0},"end":{"line":779,"column":145}},"779":{"start":{"line":780,"column":0},"end":{"line":780,"column":16}},"780":{"start":{"line":781,"column":0},"end":{"line":781,"column":0}},"781":{"start":{"line":782,"column":0},"end":{"line":782,"column":57}},"782":{"start":{"line":783,"column":0},"end":{"line":783,"column":24}},"783":{"start":{"line":784,"column":0},"end":{"line":784,"column":45}},"784":{"start":{"line":785,"column":0},"end":{"line":785,"column":58}},"785":{"start":{"line":786,"column":0},"end":{"line":786,"column":86}},"786":{"start":{"line":787,"column":0},"end":{"line":787,"column":51}},"787":{"start":{"line":788,"column":0},"end":{"line":788,"column":50}},"788":{"start":{"line":789,"column":0},"end":{"line":789,"column":30}},"789":{"start":{"line":790,"column":0},"end":{"line":790,"column":141}},"790":{"start":{"line":791,"column":0},"end":{"line":791,"column":28}},"791":{"start":{"line":792,"column":0},"end":{"line":792,"column":50}},"792":{"start":{"line":793,"column":0},"end":{"line":793,"column":28}},"793":{"start":{"line":794,"column":0},"end":{"line":794,"column":149}},"794":{"start":{"line":795,"column":0},"end":{"line":795,"column":28}},"795":{"start":{"line":796,"column":0},"end":{"line":796,"column":24}},"796":{"start":{"line":797,"column":0},"end":{"line":797,"column":153}},"797":{"start":{"line":798,"column":0},"end":{"line":798,"column":40}},"798":{"start":{"line":799,"column":0},"end":{"line":799,"column":27}},"799":{"start":{"line":800,"column":0},"end":{"line":800,"column":26}},"800":{"start":{"line":801,"column":0},"end":{"line":801,"column":17}},"801":{"start":{"line":802,"column":0},"end":{"line":802,"column":18}},"802":{"start":{"line":803,"column":0},"end":{"line":803,"column":126}},"803":{"start":{"line":804,"column":0},"end":{"line":804,"column":16}},"804":{"start":{"line":805,"column":0},"end":{"line":805,"column":0}},"805":{"start":{"line":806,"column":0},"end":{"line":806,"column":56}},"806":{"start":{"line":807,"column":0},"end":{"line":807,"column":44}},"807":{"start":{"line":808,"column":0},"end":{"line":808,"column":152}},"808":{"start":{"line":809,"column":0},"end":{"line":809,"column":84}},"809":{"start":{"line":810,"column":0},"end":{"line":810,"column":32}},"810":{"start":{"line":811,"column":0},"end":{"line":811,"column":31}},"811":{"start":{"line":812,"column":0},"end":{"line":812,"column":21}},"812":{"start":{"line":813,"column":0},"end":{"line":813,"column":16}},"813":{"start":{"line":814,"column":0},"end":{"line":814,"column":18}},"814":{"start":{"line":815,"column":0},"end":{"line":815,"column":8}},"815":{"start":{"line":816,"column":0},"end":{"line":816,"column":0}},"816":{"start":{"line":817,"column":0},"end":{"line":817,"column":33}},"817":{"start":{"line":818,"column":0},"end":{"line":818,"column":46}},"818":{"start":{"line":819,"column":0},"end":{"line":819,"column":74}},"819":{"start":{"line":820,"column":0},"end":{"line":820,"column":55}},"820":{"start":{"line":821,"column":0},"end":{"line":821,"column":19}},"821":{"start":{"line":822,"column":0},"end":{"line":822,"column":19}},"822":{"start":{"line":823,"column":0},"end":{"line":823,"column":142}},"823":{"start":{"line":824,"column":0},"end":{"line":824,"column":20}},"824":{"start":{"line":825,"column":0},"end":{"line":825,"column":19}},"825":{"start":{"line":826,"column":0},"end":{"line":826,"column":22}},"826":{"start":{"line":827,"column":0},"end":{"line":827,"column":138}},"827":{"start":{"line":828,"column":0},"end":{"line":828,"column":20}},"828":{"start":{"line":829,"column":0},"end":{"line":829,"column":19}},"829":{"start":{"line":830,"column":0},"end":{"line":830,"column":30}},"830":{"start":{"line":831,"column":0},"end":{"line":831,"column":20}},"831":{"start":{"line":832,"column":0},"end":{"line":832,"column":47}},"832":{"start":{"line":833,"column":0},"end":{"line":833,"column":43}},"833":{"start":{"line":834,"column":0},"end":{"line":834,"column":112}},"834":{"start":{"line":835,"column":0},"end":{"line":835,"column":61}},"835":{"start":{"line":836,"column":0},"end":{"line":836,"column":16}},"836":{"start":{"line":837,"column":0},"end":{"line":837,"column":54}},"837":{"start":{"line":838,"column":0},"end":{"line":838,"column":77}},"838":{"start":{"line":839,"column":0},"end":{"line":839,"column":60}},"839":{"start":{"line":840,"column":0},"end":{"line":840,"column":19}},"840":{"start":{"line":841,"column":0},"end":{"line":841,"column":25}},"841":{"start":{"line":842,"column":0},"end":{"line":842,"column":20}},"842":{"start":{"line":843,"column":0},"end":{"line":843,"column":19}},"843":{"start":{"line":844,"column":0},"end":{"line":844,"column":19}},"844":{"start":{"line":845,"column":0},"end":{"line":845,"column":20}},"845":{"start":{"line":846,"column":0},"end":{"line":846,"column":27}},"846":{"start":{"line":847,"column":0},"end":{"line":847,"column":69}},"847":{"start":{"line":848,"column":0},"end":{"line":848,"column":24}},"848":{"start":{"line":849,"column":0},"end":{"line":849,"column":127}},"849":{"start":{"line":850,"column":0},"end":{"line":850,"column":24}},"850":{"start":{"line":851,"column":0},"end":{"line":851,"column":16}},"851":{"start":{"line":852,"column":0},"end":{"line":852,"column":42}},"852":{"start":{"line":853,"column":0},"end":{"line":853,"column":185}},"853":{"start":{"line":854,"column":0},"end":{"line":854,"column":21}},"854":{"start":{"line":855,"column":0},"end":{"line":855,"column":20}},"855":{"start":{"line":856,"column":0},"end":{"line":856,"column":61}},"856":{"start":{"line":857,"column":0},"end":{"line":857,"column":34}},"857":{"start":{"line":858,"column":0},"end":{"line":858,"column":31}},"858":{"start":{"line":859,"column":0},"end":{"line":859,"column":21}},"859":{"start":{"line":860,"column":0},"end":{"line":860,"column":17}},"860":{"start":{"line":861,"column":0},"end":{"line":861,"column":0}},"861":{"start":{"line":862,"column":0},"end":{"line":862,"column":52}},"862":{"start":{"line":863,"column":0},"end":{"line":863,"column":50}},"863":{"start":{"line":864,"column":0},"end":{"line":864,"column":37}},"864":{"start":{"line":865,"column":0},"end":{"line":865,"column":84}},"865":{"start":{"line":866,"column":0},"end":{"line":866,"column":18}},"866":{"start":{"line":867,"column":0},"end":{"line":867,"column":46}},"867":{"start":{"line":868,"column":0},"end":{"line":868,"column":21}},"868":{"start":{"line":869,"column":0},"end":{"line":869,"column":36}},"869":{"start":{"line":870,"column":0},"end":{"line":870,"column":129}},"870":{"start":{"line":871,"column":0},"end":{"line":871,"column":22}},"871":{"start":{"line":872,"column":0},"end":{"line":872,"column":107}},"872":{"start":{"line":873,"column":0},"end":{"line":873,"column":54}},"873":{"start":{"line":874,"column":0},"end":{"line":874,"column":53}},"874":{"start":{"line":875,"column":0},"end":{"line":875,"column":53}},"875":{"start":{"line":876,"column":0},"end":{"line":876,"column":23}},"876":{"start":{"line":877,"column":0},"end":{"line":877,"column":115}},"877":{"start":{"line":878,"column":0},"end":{"line":878,"column":59}},"878":{"start":{"line":879,"column":0},"end":{"line":879,"column":77}},"879":{"start":{"line":880,"column":0},"end":{"line":880,"column":77}},"880":{"start":{"line":881,"column":0},"end":{"line":881,"column":19}},"881":{"start":{"line":882,"column":0},"end":{"line":882,"column":23}},"882":{"start":{"line":883,"column":0},"end":{"line":883,"column":18}},"883":{"start":{"line":884,"column":0},"end":{"line":884,"column":46}},"884":{"start":{"line":885,"column":0},"end":{"line":885,"column":44}},"885":{"start":{"line":886,"column":0},"end":{"line":886,"column":68}},"886":{"start":{"line":887,"column":0},"end":{"line":887,"column":89}},"887":{"start":{"line":888,"column":0},"end":{"line":888,"column":23}},"888":{"start":{"line":889,"column":0},"end":{"line":889,"column":49}},"889":{"start":{"line":890,"column":0},"end":{"line":890,"column":132}},"890":{"start":{"line":891,"column":0},"end":{"line":891,"column":72}},"891":{"start":{"line":892,"column":0},"end":{"line":892,"column":31}},"892":{"start":{"line":893,"column":0},"end":{"line":893,"column":24}},"893":{"start":{"line":894,"column":0},"end":{"line":894,"column":24}},"894":{"start":{"line":895,"column":0},"end":{"line":895,"column":137}},"895":{"start":{"line":896,"column":0},"end":{"line":896,"column":40}},"896":{"start":{"line":897,"column":0},"end":{"line":897,"column":27}},"897":{"start":{"line":898,"column":0},"end":{"line":898,"column":26}},"898":{"start":{"line":899,"column":0},"end":{"line":899,"column":17}},"899":{"start":{"line":900,"column":0},"end":{"line":900,"column":102}},"900":{"start":{"line":901,"column":0},"end":{"line":901,"column":18}},"901":{"start":{"line":902,"column":0},"end":{"line":902,"column":16}},"902":{"start":{"line":903,"column":0},"end":{"line":903,"column":18}},"903":{"start":{"line":904,"column":0},"end":{"line":904,"column":8}},"904":{"start":{"line":905,"column":0},"end":{"line":905,"column":0}},"905":{"start":{"line":906,"column":0},"end":{"line":906,"column":47}},"906":{"start":{"line":907,"column":0},"end":{"line":907,"column":65}},"907":{"start":{"line":908,"column":0},"end":{"line":908,"column":38}},"908":{"start":{"line":909,"column":0},"end":{"line":909,"column":30}},"909":{"start":{"line":910,"column":0},"end":{"line":910,"column":69}},"910":{"start":{"line":911,"column":0},"end":{"line":911,"column":21}},"911":{"start":{"line":912,"column":0},"end":{"line":912,"column":20}},"912":{"start":{"line":913,"column":0},"end":{"line":913,"column":161}},"913":{"start":{"line":914,"column":0},"end":{"line":914,"column":22}},"914":{"start":{"line":915,"column":0},"end":{"line":915,"column":21}},"915":{"start":{"line":916,"column":0},"end":{"line":916,"column":21}},"916":{"start":{"line":917,"column":0},"end":{"line":917,"column":142}},"917":{"start":{"line":918,"column":0},"end":{"line":918,"column":22}},"918":{"start":{"line":919,"column":0},"end":{"line":919,"column":21}},"919":{"start":{"line":920,"column":0},"end":{"line":920,"column":27}},"920":{"start":{"line":921,"column":0},"end":{"line":921,"column":166}},"921":{"start":{"line":922,"column":0},"end":{"line":922,"column":22}},"922":{"start":{"line":923,"column":0},"end":{"line":923,"column":63}},"923":{"start":{"line":924,"column":0},"end":{"line":924,"column":25}},"924":{"start":{"line":925,"column":0},"end":{"line":925,"column":23}},"925":{"start":{"line":926,"column":0},"end":{"line":926,"column":19}},"926":{"start":{"line":927,"column":0},"end":{"line":927,"column":45}},"927":{"start":{"line":928,"column":0},"end":{"line":928,"column":62}},"928":{"start":{"line":929,"column":0},"end":{"line":929,"column":85}},"929":{"start":{"line":930,"column":0},"end":{"line":930,"column":23}},"930":{"start":{"line":931,"column":0},"end":{"line":931,"column":50}},"931":{"start":{"line":932,"column":0},"end":{"line":932,"column":45}},"932":{"start":{"line":933,"column":0},"end":{"line":933,"column":46}},"933":{"start":{"line":934,"column":0},"end":{"line":934,"column":24}},"934":{"start":{"line":935,"column":0},"end":{"line":935,"column":136}},"935":{"start":{"line":936,"column":0},"end":{"line":936,"column":40}},"936":{"start":{"line":937,"column":0},"end":{"line":937,"column":27}},"937":{"start":{"line":938,"column":0},"end":{"line":938,"column":26}},"938":{"start":{"line":939,"column":0},"end":{"line":939,"column":17}},"939":{"start":{"line":940,"column":0},"end":{"line":940,"column":18}},"940":{"start":{"line":941,"column":0},"end":{"line":941,"column":16}},"941":{"start":{"line":942,"column":0},"end":{"line":942,"column":0}},"942":{"start":{"line":943,"column":0},"end":{"line":943,"column":38}},"943":{"start":{"line":944,"column":0},"end":{"line":944,"column":31}},"944":{"start":{"line":945,"column":0},"end":{"line":945,"column":70}},"945":{"start":{"line":946,"column":0},"end":{"line":946,"column":21}},"946":{"start":{"line":947,"column":0},"end":{"line":947,"column":20}},"947":{"start":{"line":948,"column":0},"end":{"line":948,"column":160}},"948":{"start":{"line":949,"column":0},"end":{"line":949,"column":22}},"949":{"start":{"line":950,"column":0},"end":{"line":950,"column":21}},"950":{"start":{"line":951,"column":0},"end":{"line":951,"column":21}},"951":{"start":{"line":952,"column":0},"end":{"line":952,"column":144}},"952":{"start":{"line":953,"column":0},"end":{"line":953,"column":22}},"953":{"start":{"line":954,"column":0},"end":{"line":954,"column":21}},"954":{"start":{"line":955,"column":0},"end":{"line":955,"column":20}},"955":{"start":{"line":956,"column":0},"end":{"line":956,"column":154}},"956":{"start":{"line":957,"column":0},"end":{"line":957,"column":22}},"957":{"start":{"line":958,"column":0},"end":{"line":958,"column":63}},"958":{"start":{"line":959,"column":0},"end":{"line":959,"column":26}},"959":{"start":{"line":960,"column":0},"end":{"line":960,"column":23}},"960":{"start":{"line":961,"column":0},"end":{"line":961,"column":19}},"961":{"start":{"line":962,"column":0},"end":{"line":962,"column":45}},"962":{"start":{"line":963,"column":0},"end":{"line":963,"column":64}},"963":{"start":{"line":964,"column":0},"end":{"line":964,"column":86}},"964":{"start":{"line":965,"column":0},"end":{"line":965,"column":23}},"965":{"start":{"line":966,"column":0},"end":{"line":966,"column":51}},"966":{"start":{"line":967,"column":0},"end":{"line":967,"column":46}},"967":{"start":{"line":968,"column":0},"end":{"line":968,"column":40}},"968":{"start":{"line":969,"column":0},"end":{"line":969,"column":24}},"969":{"start":{"line":970,"column":0},"end":{"line":970,"column":138}},"970":{"start":{"line":971,"column":0},"end":{"line":971,"column":40}},"971":{"start":{"line":972,"column":0},"end":{"line":972,"column":27}},"972":{"start":{"line":973,"column":0},"end":{"line":973,"column":26}},"973":{"start":{"line":974,"column":0},"end":{"line":974,"column":17}},"974":{"start":{"line":975,"column":0},"end":{"line":975,"column":18}},"975":{"start":{"line":976,"column":0},"end":{"line":976,"column":16}},"976":{"start":{"line":977,"column":0},"end":{"line":977,"column":0}},"977":{"start":{"line":978,"column":0},"end":{"line":978,"column":56}},"978":{"start":{"line":979,"column":0},"end":{"line":979,"column":36}},"979":{"start":{"line":980,"column":0},"end":{"line":980,"column":109}},"980":{"start":{"line":981,"column":0},"end":{"line":981,"column":84}},"981":{"start":{"line":982,"column":0},"end":{"line":982,"column":32}},"982":{"start":{"line":983,"column":0},"end":{"line":983,"column":35}},"983":{"start":{"line":984,"column":0},"end":{"line":984,"column":21}},"984":{"start":{"line":985,"column":0},"end":{"line":985,"column":16}},"985":{"start":{"line":986,"column":0},"end":{"line":986,"column":18}},"986":{"start":{"line":987,"column":0},"end":{"line":987,"column":8}},"987":{"start":{"line":988,"column":0},"end":{"line":988,"column":0}},"988":{"start":{"line":989,"column":0},"end":{"line":989,"column":37}},"989":{"start":{"line":990,"column":0},"end":{"line":990,"column":55}},"990":{"start":{"line":991,"column":0},"end":{"line":991,"column":48}},"991":{"start":{"line":992,"column":0},"end":{"line":992,"column":37}},"992":{"start":{"line":993,"column":0},"end":{"line":993,"column":125}},"993":{"start":{"line":994,"column":0},"end":{"line":994,"column":36}},"994":{"start":{"line":995,"column":0},"end":{"line":995,"column":24}},"995":{"start":{"line":996,"column":0},"end":{"line":996,"column":21}},"996":{"start":{"line":997,"column":0},"end":{"line":997,"column":16}},"997":{"start":{"line":998,"column":0},"end":{"line":998,"column":63}},"998":{"start":{"line":999,"column":0},"end":{"line":999,"column":19}},"999":{"start":{"line":1000,"column":0},"end":{"line":1000,"column":34}},"1000":{"start":{"line":1001,"column":0},"end":{"line":1001,"column":155}},"1001":{"start":{"line":1002,"column":0},"end":{"line":1002,"column":20}},"1002":{"start":{"line":1003,"column":0},"end":{"line":1003,"column":113}},"1003":{"start":{"line":1004,"column":0},"end":{"line":1004,"column":55}},"1004":{"start":{"line":1005,"column":0},"end":{"line":1005,"column":55}},"1005":{"start":{"line":1006,"column":0},"end":{"line":1006,"column":90}},"1006":{"start":{"line":1007,"column":0},"end":{"line":1007,"column":17}},"1007":{"start":{"line":1008,"column":0},"end":{"line":1008,"column":21}},"1008":{"start":{"line":1009,"column":0},"end":{"line":1009,"column":86}},"1009":{"start":{"line":1010,"column":0},"end":{"line":1010,"column":16}},"1010":{"start":{"line":1011,"column":0},"end":{"line":1011,"column":44}},"1011":{"start":{"line":1012,"column":0},"end":{"line":1012,"column":43}},"1012":{"start":{"line":1013,"column":0},"end":{"line":1013,"column":21}},"1013":{"start":{"line":1014,"column":0},"end":{"line":1014,"column":20}},"1014":{"start":{"line":1015,"column":0},"end":{"line":1015,"column":33}},"1015":{"start":{"line":1016,"column":0},"end":{"line":1016,"column":33}},"1016":{"start":{"line":1017,"column":0},"end":{"line":1017,"column":32}},"1017":{"start":{"line":1018,"column":0},"end":{"line":1018,"column":32}},"1018":{"start":{"line":1019,"column":0},"end":{"line":1019,"column":34}},"1019":{"start":{"line":1020,"column":0},"end":{"line":1020,"column":34}},"1020":{"start":{"line":1021,"column":0},"end":{"line":1021,"column":31}},"1021":{"start":{"line":1022,"column":0},"end":{"line":1022,"column":21}},"1022":{"start":{"line":1023,"column":0},"end":{"line":1023,"column":22}},"1023":{"start":{"line":1024,"column":0},"end":{"line":1024,"column":21}},"1024":{"start":{"line":1025,"column":0},"end":{"line":1025,"column":53}},"1025":{"start":{"line":1026,"column":0},"end":{"line":1026,"column":39}},"1026":{"start":{"line":1027,"column":0},"end":{"line":1027,"column":24}},"1027":{"start":{"line":1028,"column":0},"end":{"line":1028,"column":162}},"1028":{"start":{"line":1029,"column":0},"end":{"line":1029,"column":58}},"1029":{"start":{"line":1030,"column":0},"end":{"line":1030,"column":79}},"1030":{"start":{"line":1031,"column":0},"end":{"line":1031,"column":27}},"1031":{"start":{"line":1032,"column":0},"end":{"line":1032,"column":31}},"1032":{"start":{"line":1033,"column":0},"end":{"line":1033,"column":25}},"1033":{"start":{"line":1034,"column":0},"end":{"line":1034,"column":51}},"1034":{"start":{"line":1035,"column":0},"end":{"line":1035,"column":44}},"1035":{"start":{"line":1036,"column":0},"end":{"line":1036,"column":69}},"1036":{"start":{"line":1037,"column":0},"end":{"line":1037,"column":47}},"1037":{"start":{"line":1038,"column":0},"end":{"line":1038,"column":53}},"1038":{"start":{"line":1039,"column":0},"end":{"line":1039,"column":75}},"1039":{"start":{"line":1040,"column":0},"end":{"line":1040,"column":23}},"1040":{"start":{"line":1041,"column":0},"end":{"line":1041,"column":19}},"1041":{"start":{"line":1042,"column":0},"end":{"line":1042,"column":22}},"1042":{"start":{"line":1043,"column":0},"end":{"line":1043,"column":20}},"1043":{"start":{"line":1044,"column":0},"end":{"line":1044,"column":106}},"1044":{"start":{"line":1045,"column":0},"end":{"line":1045,"column":16}},"1045":{"start":{"line":1046,"column":0},"end":{"line":1046,"column":18}},"1046":{"start":{"line":1047,"column":0},"end":{"line":1047,"column":8}},"1047":{"start":{"line":1048,"column":0},"end":{"line":1048,"column":0}},"1048":{"start":{"line":1049,"column":0},"end":{"line":1049,"column":36}},"1049":{"start":{"line":1050,"column":0},"end":{"line":1050,"column":77}},"1050":{"start":{"line":1051,"column":0},"end":{"line":1051,"column":48}},"1051":{"start":{"line":1052,"column":0},"end":{"line":1052,"column":34}},"1052":{"start":{"line":1053,"column":0},"end":{"line":1053,"column":17}},"1053":{"start":{"line":1054,"column":0},"end":{"line":1054,"column":43}},"1054":{"start":{"line":1055,"column":0},"end":{"line":1055,"column":79}},"1055":{"start":{"line":1056,"column":0},"end":{"line":1056,"column":18}},"1056":{"start":{"line":1057,"column":0},"end":{"line":1057,"column":16}},"1057":{"start":{"line":1058,"column":0},"end":{"line":1058,"column":17}},"1058":{"start":{"line":1059,"column":0},"end":{"line":1059,"column":28}},"1059":{"start":{"line":1060,"column":0},"end":{"line":1060,"column":18}},"1060":{"start":{"line":1061,"column":0},"end":{"line":1061,"column":29}},"1061":{"start":{"line":1062,"column":0},"end":{"line":1062,"column":50}},"1062":{"start":{"line":1063,"column":0},"end":{"line":1063,"column":119}},"1063":{"start":{"line":1064,"column":0},"end":{"line":1064,"column":22}},"1064":{"start":{"line":1065,"column":0},"end":{"line":1065,"column":14}},"1065":{"start":{"line":1066,"column":0},"end":{"line":1066,"column":18}},"1066":{"start":{"line":1067,"column":0},"end":{"line":1067,"column":17}},"1067":{"start":{"line":1068,"column":0},"end":{"line":1068,"column":24}},"1068":{"start":{"line":1069,"column":0},"end":{"line":1069,"column":18}},"1069":{"start":{"line":1070,"column":0},"end":{"line":1070,"column":29}},"1070":{"start":{"line":1071,"column":0},"end":{"line":1071,"column":46}},"1071":{"start":{"line":1072,"column":0},"end":{"line":1072,"column":115}},"1072":{"start":{"line":1073,"column":0},"end":{"line":1073,"column":27}},"1073":{"start":{"line":1074,"column":0},"end":{"line":1074,"column":22}},"1074":{"start":{"line":1075,"column":0},"end":{"line":1075,"column":14}},"1075":{"start":{"line":1076,"column":0},"end":{"line":1076,"column":18}},"1076":{"start":{"line":1077,"column":0},"end":{"line":1077,"column":17}},"1077":{"start":{"line":1078,"column":0},"end":{"line":1078,"column":32}},"1078":{"start":{"line":1079,"column":0},"end":{"line":1079,"column":18}},"1079":{"start":{"line":1080,"column":0},"end":{"line":1080,"column":29}},"1080":{"start":{"line":1081,"column":0},"end":{"line":1081,"column":50}},"1081":{"start":{"line":1082,"column":0},"end":{"line":1082,"column":119}},"1082":{"start":{"line":1083,"column":0},"end":{"line":1083,"column":27}},"1083":{"start":{"line":1084,"column":0},"end":{"line":1084,"column":22}},"1084":{"start":{"line":1085,"column":0},"end":{"line":1085,"column":14}},"1085":{"start":{"line":1086,"column":0},"end":{"line":1086,"column":18}},"1086":{"start":{"line":1087,"column":0},"end":{"line":1087,"column":59}},"1087":{"start":{"line":1088,"column":0},"end":{"line":1088,"column":34}},"1088":{"start":{"line":1089,"column":0},"end":{"line":1089,"column":27}},"1089":{"start":{"line":1090,"column":0},"end":{"line":1090,"column":19}},"1090":{"start":{"line":1091,"column":0},"end":{"line":1091,"column":15}},"1091":{"start":{"line":1092,"column":0},"end":{"line":1092,"column":8}},"1092":{"start":{"line":1093,"column":0},"end":{"line":1093,"column":11}},"1093":{"start":{"line":1094,"column":0},"end":{"line":1094,"column":4}},"1094":{"start":{"line":1095,"column":0},"end":{"line":1095,"column":1}},"1095":{"start":{"line":1096,"column":0},"end":{"line":1096,"column":0}},"1096":{"start":{"line":1097,"column":0},"end":{"line":1097,"column":26}}},"s":{"0":0,"1":0,"2":0,"3":0,"4":0,"5":0,"6":0,"7":0,"8":0,"9":0,"10":0,"11":0,"12":0,"13":0,"14":0,"15":0,"16":0,"17":0,"18":0,"19":0,"20":0,"21":0,"22":0,"23":0,"24":0,"25":0,"26":0,"27":0,"28":0,"29":0,"30":0,"31":0,"32":0,"33":0,"34":0,"35":0,"36":0,"37":0,"38":0,"39":0,"40":0,"41":0,"42":0,"43":0,"44":0,"45":0,"46":0,"47":0,"48":0,"49":0,"50":0,"51":0,"52":0,"53":0,"54":0,"55":0,"56":0,"57":0,"58":0,"59":0,"60":0,"61":0,"62":0,"63":0,"64":0,"65":0,"66":0,"67":0,"68":0,"69":0,"70":0,"71":0,"72":0,"73":0,"74":0,"75":0,"76":0,"77":0,"78":0,"79":0,"80":0,"81":0,"82":0,"83":0,"84":0,"85":0,"86":0,"87":0,"88":0,"89":0,"90":0,"91":0,"92":0,"93":0,"94":0,"95":0,"96":0,"97":0,"98":0,"99":0,"100":0,"101":0,"102":0,"103":0,"104":0,"105":0,"106":0,"107":0,"108":0,"109":0,"110":0,"111":0,"112":0,"113":0,"114":0,"115":0,"116":0,"117":0,"118":0,"119":0,"120":0,"121":0,"122":0,"123":0,"124":0,"125":0,"126":0,"127":0,"128":0,"129":0,"130":0,"131":0,"132":0,"133":0,"134":0,"135":0,"136":0,"137":0,"138":0,"139":0,"140":0,"141":0,"142":0,"143":0,"144":0,"145":0,"146":0,"147":0,"148":0,"149":0,"150":0,"151":0,"152":0,"153":0,"154":0,"155":0,"156":0,"157":0,"158":0,"159":0,"160":0,"161":0,"162":0,"163":0,"164":0,"165":0,"166":0,"167":0,"168":0,"169":0,"170":0,"171":0,"172":0,"173":0,"174":0,"175":0,"176":0,"177":0,"178":0,"179":0,"180":0,"181":0,"182":0,"183":0,"184":0,"185":0,"186":0,"187":0,"188":0,"189":0,"190":0,"191":0,"192":0,"193":0,"194":0,"195":0,"196":0,"197":0,"198":0,"199":0,"200":0,"201":0,"202":0,"203":0,"204":0,"205":0,"206":0,"207":0,"208":0,"209":0,"210":0,"211":0,"212":0,"213":0,"214":0,"215":0,"216":0,"217":0,"218":0,"219":0,"220":0,"221":0,"222":0,"223":0,"224":0,"225":0,"226":0,"227":0,"228":0,"229":0,"230":0,"231":0,"232":0,"233":0,"234":0,"235":0,"236":0,"237":0,"238":0,"239":0,"240":0,"241":0,"242":0,"243":0,"244":0,"245":0,"246":0,"247":0,"248":0,"249":0,"250":0,"251":0,"252":0,"253":0,"254":0,"255":0,"256":0,"257":0,"258":0,"259":0,"260":0,"261":
[...]
":{"start":{"line":59,"column":0},"end":{"line":59,"column":50}},"59":{"start":{"line":60,"column":0},"end":{"line":60,"column":48}},"60":{"start":{"line":61,"column":0},"end":{"line":61,"column":67}},"61":{"start":{"line":62,"column":0},"end":{"line":62,"column":0}},"62":{"start":{"line":63,"column":0},"end":{"line":63,"column":39}},"63":{"start":{"line":64,"column":0},"end":{"line":64,"column":41}},"64":{"start":{"line":65,"column":0},"end":{"line":65,"column":19}},"65":{"start":{"line":66,"column":0},"end":{"line":66,"column":5}},"66":{"start":{"line":67,"column":0},"end":{"line":67,"column":0}},"67":{"start":{"line":68,"column":0},"end":{"line":68,"column":21}},"68":{"start":{"line":69,"column":0},"end":{"line":69,"column":17}},"69":{"start":{"line":70,"column":0},"end":{"line":70,"column":11}},"70":{"start":{"line":71,"column":0},"end":{"line":71,"column":1}},"71":{"start":{"line":72,"column":0},"end":{"line":72,"column":0}},"72":{"start":{"line":73,"column":0},"end":{"line":73,"column":34}},"73":{"start":{"line":74,"column":0},"end":{"line":74,"column":24}},"74":{"start":{"line":75,"column":0},"end":{"line":75,"column":25}},"75":{"start":{"line":76,"column":0},"end":{"line":76,"column":20}},"76":{"start":{"line":77,"column":0},"end":{"line":77,"column":24}},"77":{"start":{"line":78,"column":0},"end":{"line":78,"column":29}},"78":{"start":{"line":79,"column":0},"end":{"line":79,"column":23}},"79":{"start":{"line":80,"column":0},"end":{"line":80,"column":0}},"80":{"start":{"line":81,"column":0},"end":{"line":81,"column":71}},"81":{"start":{"line":82,"column":0},"end":{"line":82,"column":64}},"82":{"start":{"line":83,"column":0},"end":{"line":83,"column":3}},"83":{"start":{"line":84,"column":0},"end":{"line":84,"column":0}},"84":{"start":{"line":85,"column":0},"end":{"line":85,"column":19}},"85":{"start":{"line":86,"column":0},"end":{"line":86,"column":40}},"86":{"start":{"line":87,"column":0},"end":{"line":87,"column":7}},"87":{"start":{"line":88,"column":0},"end":{"line":88,"column":61}},"88":{"start":{"line":89,"column":0},"end":{"line":89,"column":65}},"89":{"start":{"line":90,"column":0},"end":{"line":90,"column":4}},"90":{"start":{"line":91,"column":0},"end":{"line":91,"column":31}},"91":{"start":{"line":92,"column":0},"end":{"line":92,"column":0}},"92":{"start":{"line":93,"column":0},"end":{"line":93,"column":50}},"93":{"start":{"line":94,"column":0},"end":{"line":94,"column":48}},"94":{"start":{"line":95,"column":0},"end":{"line":95,"column":53}},"95":{"start":{"line":96,"column":0},"end":{"line":96,"column":28}},"96":{"start":{"line":97,"column":0},"end":{"line":97,"column":32}},"97":{"start":{"line":98,"column":0},"end":{"line":98,"column":0}},"98":{"start":{"line":99,"column":0},"end":{"line":99,"column":47}},"99":{"start":{"line":100,"column":0},"end":{"line":100,"column":57}},"100":{"start":{"line":101,"column":0},"end":{"line":101,"column":54}},"101":{"start":{"line":102,"column":0},"end":{"line":102,"column":59}},"102":{"start":{"line":103,"column":0},"end":{"line":103,"column":0}},"103":{"start":{"line":104,"column":0},"end":{"line":104,"column":17}},"104":{"start":{"line":105,"column":0},"end":{"line":105,"column":51}},"105":{"start":{"line":106,"column":0},"end":{"line":106,"column":53}},"106":{"start":{"line":107,"column":0},"end":{"line":107,"column":7}},"107":{"start":{"line":108,"column":0},"end":{"line":108,"column":0}},"108":{"start":{"line":109,"column":0},"end":{"line":109,"column":37}},"109":{"start":{"line":110,"column":0},"end":{"line":110,"column":7}},"110":{"start":{"line":111,"column":0},"end":{"line":111,"column":0}},"111":{"start":{"line":112,"column":0},"end":{"line":112,"column":24}},"112":{"start":{"line":113,"column":0},"end":{"line":113,"column":40}},"113":{"start":{"line":114,"column":0},"end":{"line":114,"column":0}},"114":{"start":{"line":115,"column":0},"end":{"line":115,"column":45}},"115":{"start":{"line":116,"column":0},"end":{"line":116,"column":17}},"116":{"start":{"line":117,"column":0},"end":{"line":117,"column":169}},"117":{"start":{"line":118,"column":0},"end":{"line":118,"column":70}},"118":{"start":{"line":119,"column":0},"end":{"line":119,"column":6}},"119":{"start":{"line":120,"column":0},"end":{"line":120,"column":5}},"120":{"start":{"line":121,"column":0},"end":{"line":121,"column":0}},"121":{"start":{"line":122,"column":0},"end":{"line":122,"column":143}},"122":{"start":{"line":123,"column":0},"end":{"line":123,"column":0}},"123":{"start":{"line":124,"column":0},"end":{"line":124,"column":25}},"124":{"start":{"line":125,"column":0},"end":{"line":125,"column":21}},"125":{"start":{"line":126,"column":0},"end":{"line":126,"column":0}},"126":{"start":{"line":127,"column":0},"end":{"line":127,"column":38}},"127":{"start":{"line":128,"column":0},"end":{"line":128,"column":29}},"128":{"start":{"line":129,"column":0},"end":{"line":129,"column":53}},"129":{"start":{"line":130,"column":0},"end":{"line":130,"column":5}},"130":{"start":{"line":131,"column":0},"end":{"line":131,"column":0}},"131":{"start":{"line":132,"column":0},"end":{"line":132,"column":32}},"132":{"start":{"line":133,"column":0},"end":{"line":133,"column":64}},"133":{"start":{"line":134,"column":0},"end":{"line":134,"column":31}},"134":{"start":{"line":135,"column":0},"end":{"line":135,"column":60}},"135":{"start":{"line":136,"column":0},"end":{"line":136,"column":5}},"136":{"start":{"line":137,"column":0},"end":{"line":137,"column":99}},"137":{"start":{"line":138,"column":0},"end":{"line":138,"column":0}},"138":{"start":{"line":139,"column":0},"end":{"line":139,"column":52}},"139":{"start":{"line":140,"column":0},"end":{"line":140,"column":1}},"140":{"start":{"line":141,"column":0},"end":{"line":141,"column":0}},"141":{"start":{"line":142,"column":0},"end":{"line":142,"column":53}},"142":{"start":{"line":143,"column":0},"end":{"line":143,"column":93}},"143":{"start":{"line":144,"column":0},"end":{"line":144,"column":33}},"144":{"start":{"line":145,"column":0},"end":{"line":145,"column":1}},"145":{"start":{"line":146,"column":0},"end":{"line":146,"column":0}},"146":{"start":{"line":147,"column":0},"end":{"line":147,"column":36}},"147":{"start":{"line":148,"column":0},"end":{"line":148,"column":67}},"148":{"start":{"line":149,"column":0},"end":{"line":149,"column":1}}},"s":{"0":1,"1":1,"2":1,"3":1,"4":1,"5":1,"6":1,"7":1,"8":1,"9":1,"10":1,"11":1,"12":1,"13":1,"14":1,"15":1,"16":1,"17":1,"18":1,"19":1,"20":1,"21":1,"22":1,"23":1,"24":1,"25":1,"26":1,"27":1,"28":1,"29":1,"30":1,"31":1,"32":1,"33":1,"34":1,"35":1,"36":1,"37":1,"38":1,"39":1,"40":1,"41":1,"42":1,"43":1,"44":1,"45":23,"46":23,"47":23,"48":1,"49":23,"50":23,"51":23,"52":1,"53":27,"54":27,"55":6,"56":6,"57":21,"58":21,"59":156,"60":156,"61":156,"62":156,"63":154,"64":154,"65":154,"66":2,"67":2,"68":2,"69":21,"70":21,"71":1,"72":1,"73":1,"74":1,"75":1,"76":1,"77":1,"78":1,"79":1,"80":1,"81":1,"82":1,"83":1,"84":1,"85":1,"86":1,"87":1,"88":1,"89":1,"90":1,"91":1,"92":1,"93":1,"94":1,"95":1,"96":1,"97":1,"98":1,"99":29,"100":29,"101":29,"102":29,"103":29,"104":23,"105":23,"106":23,"107":29,"108":29,"109":1,"110":1,"111":1,"112":1,"113":1,"114":1,"115":1,"116":1,"117":1,"118":1,"119":1,"120":1,"121":1,"122":1,"123":1,"124":1,"125":1,"126":1,"127":6,"128":6,"129":1,"130":1,"131":1,"132":1,"133":1,"134":6,"135":1,"136":1,"137":1,"138":1,"139":1,"140":1,"141":1,"142":1,"143":1,"144":1,"145":1,"146":1,"147":2,"148":2},"branchMap":{"0":{"type":"branch","line":1,"loc":{"start":{"line":1,"column":0},"end":{"line":3,"column":1}},"locations":[{"start":{"line":1,"column":0},"end":{"line":3,"column":1}}]},"1":{"type":"branch","line":5,"loc":{"start":{"line":5,"column":7},"end":{"line":7,"column":1}},"locations":[{"start":{"line":5,"column":7},"end":{"line":7,"column":1}}]},"2":{"type":"branch","line":9,"loc":{"start":{"line":9,"column":0},"end":{"line":44,"column":1}},"locations":[{"start":{"line":9,"column":0},"end":{"line":44,"column":1}}]},"3":{"type":"branch","line":10,"loc":{"start":{"line":10,"column":32},"end":{"line":10,"column":37}},"locations":[{"start":{"line":10,"column":32},"end":{"line":10,"column":37}}]},"4":{"type":"branch","line":25,"loc":{"start":{"line":25,"column":20},"end":{"line":25,"column":51}},"locations":[{"start":{"line":25,"column":20},"end":{"line":25,"column":51}}]},"5":{"type":"branch","line":27,"loc":{"start":{"line":27,"column":26},"end":{"line":27,"column":88}},"locations":[{"start":{"line":27,"column":26},"end":{"line":27,"column":88}}]},"6":{"type":"branch","line":35,"loc":{"start":{"line":35,"column":15},"end":{"line":35,"column":78}},"locations":[{"start":{"line":35,"column":15},"end":{"line":35,"column":78}}]},"7":{"type":"branch","line":10,"loc":{"start":{"line":10,"column":43},"end":{"line":10,"column":108}},"locations":[{"start":{"line":10,"column":43},"end":{"line":10,"column":108}}]},"8":{"type":"branch","line":38,"loc":{"start":{"line":38,"column":17},"end":{"line":38,"column":38}},"locations":[{"start":{"line":38,"column":17},"end":{"line":38,"column":38}}]},"9":{"type":"branch","line":46,"loc":{"start":{"line":46,"column":0},"end":{"line":48,"column":1}},"locations":[{"start":{"line":46,"column":0},"end":{"line":48,"column":1}}]},"10":{"type":"branch","line":50,"loc":{"start":{"line":50,"column":0},"end":{"line":52,"column":1}},"locations":[{"start":{"line":50,"column":0},"end":{"line":52,"column":1}}]},"11":{"type":"branch","line":54,"loc":{"start":{"line":54,"column":0},"end":{"line":71,"column":1}},"locations":[{"start":{"line":54,"column":0},"end":{"line":71,"column":1}}]},"12":{"type":"branch","line":55,"loc":{"start":{"line":55,"column":13},"end":{"line":57,"column":3}},"locations":[{"start":{"line":55,"column":13},"end":{"line":57,"column":3}}]},"13":{"type":"branch","line":57,"loc":{"start":{"line":57,"column":2},"end":{"line":71,"column":1}},"locations":[{"start":{"line":57,"column":2},"end":{"line":71,"column":1}}]},"14":{"type":"branch","line":59,"loc":{"start":{"line":59,"column":32},"end":{"line":70,"column":3}},"locations":[{"start":{"line":59,"column":32},"end":{"line":70,"column":3}}]},"15":{"type":"branch","line":61,"loc":{"start":{"line":61,"column":33},"end":{"line":61,"column":59}},"locations":[{"start":{"line":61,"column":33},"end":{"line":61,"column":59}}]},"16":{"type":"branch","line":61,"loc":{"start":{"line":61,"column":60},"end":{"line":61,"column":66}},"locations":[{"start":{"line":61,"column":60},"end":{"line":61,"column":66}}]},"17":{"type":"branch","line":63,"loc":{"start":{"line":63,"column":38},"end":{"line":66,"column":5}},"locations":[{"start":{"line":63,"column":38},"end":{"line":66,"column":5}}]},"18":{"type":"branch","line":66,"loc":{"start":{"line":66,"column":4},"end":{"line":70,"column":2}},"locations":[{"start":{"line":66,"column":4},"end":{"line":70,"column":2}}]},"19":{"type":"branch","line":73,"loc":{"start":{"line":73,"column":0},"end":{"line":140,"column":1}},"locations":[{"start":{"line":73,"column":0},"end":{"line":140,"column":1}}]},"20":{"type":"branch","line":93,"loc":{"start":{"line":93,"column":20},"end":{"line":120,"column":3}},"locations":[{"start":{"line":93,"column":20},"end":{"line":120,"column":3}}]},"21":{"type":"branch","line":99,"loc":{"start":{"line":99,"column":25},"end":{"line":110,"column":5}},"locations":[{"start":{"line":99,"column":25},"end":{"line":110,"column":5}}]},"22":{"type":"branch","line":101,"loc":{"start":{"line":101,"column":43},"end":{"line":101,"column":53}},"locations":[{"start":{"line":101,"column":43},"end":{"line":101,"column":53}}]},"23":{"type":"branch","line":102,"loc":{"start":{"line":102,"column":30},"end":{"line":102,"column":43}},"locations":[{"start":{"line":102,"column":30},"end":{"line":102,"column":43}}]},"24":{"type":"branch","line":102,"loc":{"start":{"line":102,"column":44},"end":{"line":102,"column":57}},"locations":[{"start":{"line":102,"column":44},"end":{"line":102,"column":57}}]},"25":{"type":"branch","line":104,"loc":{"start":{"line":104,"column":16},"end":{"line":107,"column":7}},"locations":[{"start":{"line":104,"column":16},"end":{"line":107,"column":7}}]},"26":{"type":"branch","line":109,"loc":{"start":{"line":109,"column":19},"end":{"line":109,"column":23}},"locations":[{"start":{"line":109,"column":19},"end":{"line":109,"column":23}}]},"27":{"type":"branch","line":109,"loc":{"start":{"line":109,"column":24},"end":{"line":109,"column":36}},"locations":[{"start":{"line":109,"column":24},"end":{"line":109,"column":36}}]},"28":{"type":"branch","line":122,"loc":{"start":{"line":122,"column":63},"end":{"line":122,"column":90}},"locations":[{"start":{"line":122,"column":63},"end":{"line":122,"column":90}}]},"29":{"type":"branch","line":127,"loc":{"start":{"line":127,"column":18},"end":{"line":130,"column":3}},"locations":[{"start":{"line":127,"column":18},"end":{"line":130,"column":3}}]},"30":{"type":"branch","line":134,"loc":{"start":{"line":134,"column":18},"end":{"line":136,"column":3}},"locations":[{"start":{"line":134,"column":18},"end":{"line":136,"column":3}}]},"31":{"type":"branch","line":142,"loc":{"start":{"line":142,"column":7},"end":{"line":145,"column":1}},"locations":[{"start":{"line":142,"column":7},"end":{"line":145,"column":1}}]},"32":{"type":"branch","line":143,"loc":{"start":{"line":143,"column":64},"end":{"line":143,"column":91}},"locations":[{"start":{"line":143,"column":64},"end":{"line":143,"column":91}}]},"33":{"type":"branch","line":147,"loc":{"start":{"line":147,"column":7},"end":{"line":149,"column":1}},"locations":[{"start":{"line":147,"column":7},"end":{"line":149,"column":1}}]},"34":{"type":"branch","line":148,"loc":{"start":{"line":148,"column":61},"end":{"line":148,"column":65}},"locations":[{"start":{"line":148,"column":61},"end":{"line":148,"column":65}}]}},"b":{"0":[1],"1":[1],"2":[1],"3":[0],"4":[0],"5":[0],"6":[0],"7":[1],"8":[10],"9":[23],"10":[23],"11":[27],"12":[6],"13":[21],"14":[156],"15":[135],"16":[21],"17":[154],"18":[2],"19":[1],"20":[1],"21":[29],"22":[27],"23":[3],"24":[26],"25":[23],"26":[1],"27":[28],"28":[1],"29":[6],"30":[6],"31":[1],"32":[27],"33":[2],"34":[1]},"fnMap":{"0":{"name":"normalizePhoneNumber","decl":{"start":{"line":1,"column":0},"end":{"line":3,"column":1}},"loc":{"start":{"line":1,"column":0},"end":{"line":3,"column":1}},"line":1},"1":{"name":"createWhatsAppLink","decl":{"start":{"line":5,"column":7},"end":{"line":7,"column":1}},"loc":{"start":{"line":5,"column":7},"end":{"line":7,"column":1}},"line":5},"2":{"name":"createBrochureText","decl":{"start":{"line":9,"column":0},"end":{"line":44,"column":1}},"loc":{"start":{"line":9,"column":0},"end":{"line":44,"column":1}},"line":9},"3":{"name":"sanitizePdfText","decl":{"start":{"line":46,"column":0},"end":{"line":48,"column":1}},"loc":{"start":{"line":46,"column":0},"end":{"line":48,"column":1}},"line":46},"4":{"name":"escapePdfText","decl":{"start":{"line":50,"column":0},"end":{"line":52,"column":1}},"loc":{"start":{"line":50,"column":0},"end":{"line":52,"column":1}},"line":50},"5":{"name":"wrapPdfLine","decl":{"start":{"line":54,"column":0},"end":{"line":71,"column":1}},"loc":{"start":{"line":54,"column":0},"end":{"line":71,"column":1}},"line":54},"6":{"name":"createPdfDataUri","decl":{"start":{"line":73,"column":0},"end":{"line":140,"column":1}},"loc":{"start":{"line":73,"column":0},"end":{"line":140,"column":1}},"line":73},"7":{"name":"createBrochureDownloadHref","decl":{"start":{"line":142,"column":7},"end":{"line":145,"column":1}},"loc":{"start":{"line":142,"column":7},"end":{"line":145,"column":1}},"line":142},"8":{"name":"formatCount","decl":{"start":{"line":147,"column":7},"end":{"line":149,"column":1}},"loc":{"start":{"line":147,"column":7},"end":{"line":149,"column":1}},"line":147}},"f":{"0":1,"1":1,"2":1,"3":23,"4":23,"5":27,"6":1,"7":1,"8":2}}
,"C:\\Users\\PSP1000767\\OneDrive - Starbucks\\Desktop\\s\\StepUp\\client\\src\\services\\apiClient.js": {"path":"C:\\Users\\PSP1000767\\OneDrive - Starbucks\\Desktop\\s\\StepUp\\client\\src\\services\\apiClient.js","all":false,"statementMap":{"0":{"start":{"line":1,"column":0},"end":{"line":1,"column":63}},"1":{"start":{"line":2,"column":0},"end":{"line":2,"column":0}},"2":{"start":{"line":3,"column":0},"end":{"line":3,"column":55}},"3":{"start":{"line":4,"column":0},"end":{"line":4,"column":54}},"4":{"start":{"line":5,"column":0},"end":{"line":5,"column":58}},"5":{"start":{"line":6,"column":0},"end":{"line":6,"column":15}},"6":{"start":{"line":7,"column":0},"end":{"line":7,"column":14}},"7":{"start":{"line":8,"column":0},"end":{"line":8,"column":68}},"8":{"start":{"line":9,"column":0},"end":{"line":9,"column":32}},"9":{"start":{"line":10,"column":0},"end":{"line":10,"column":5}},"10":{"start":{"line":11,"column":0},"end":{"line":11,"column":5}},"11":{"start":{"line":12,"column":0},"end":{"line":12,"column":55}},"12":{"start":{"line":13,"column":0},"end":{"line":13,"column":0}},"13":{"start":{"line":14,"column":0},"end":{"line":14,"column":21}},"14":{"start":{"line":15,"column":0},"end":{"line":15,"column":61}},"15":{"start":{"line":16,"column":0},"end":{"line":16,"column":35}},"16":{"start":{"line":17,"column":0},"end":{"line":17,"column":22}},"17":{"start":{"line":18,"column":0},"end":{"line":18,"column":16}},"18":{"start":{"line":19,"column":0},"end":{"line":19,"column":3}},"19":{"start":{"line":20,"column":0},"end":{"line":20,"column":0}},"20":{"start":{"line":21,"column":0},"end":{"line":21,"column":14}},"21":{"start":{"line":22,"column":0},"end":{"line":22,"column":1}},"22":{"start":{"line":23,"column":0},"end":{"line":23,"column":0}},"23":{"start":{"line":24,"column":0},"end":{"line":24,"column":36}},"24":{"start":{"line":25,"column":0},"end":{"line":25,"column":59}},"25":{"start":{"line":26,"column":0},"end":{"line":26,"column":1}}},"s":{"0":1,"1":1,"2":1,"3":3,"4":3,"5":3,"6":3,"7":3,"8":3,"9":3,"10":3,"11":3,"12":3,"13":3,"14":1,"15":1,"16":1,"17":1,"18":1,"19":2,"20":2,"21":2,"22":1,"23":1,"24":2,"25":2},"branchMap":{"0":{"type":"branch","line":3,"loc":{"start":{"line":3,"column":7},"end":{"line":22,"column":1}},"locations":[{"start":{"line":3,"column":7},"end":{"line":22,"column":1}}]},"1":{"type":"branch","line":8,"loc":{"start":{"line":8,"column":21},"end":{"line":8,"column":25}},"locations":[{"start":{"line":8,"column":21},"end":{"line":8,"column":25}}]},"2":{"type":"branch","line":8,"loc":{"start":{"line":8,"column":26},"end":{"line":8,"column":66}},"locations":[{"start":{"line":8,"column":26},"end":{"line":8,"column":66}}]},"3":{"type":"branch","line":14,"loc":{"start":{"line":14,"column":20},"end":{"line":19,"column":3}},"locations":[{"start":{"line":14,"column":20},"end":{"line":19,"column":3}}]},"4":{"type":"branch","line":15,"loc":{"start":{"line":15,"column":39},"end":{"line":15,"column":59}},"locations":[{"start":{"line":15,"column":39},"end":{"line":15,"column":59}}]},"5":{"type":"branch","line":19,"loc":{"start":{"line":19,"column":2},"end":{"line":22,"column":1}},"locations":[{"start":{"line":19,"column":2},"end":{"line":22,"column":1}}]},"6":{"type":"branch","line":24,"loc":{"start":{"line":24,"column":7},"end":{"line":26,"column":1}},"locations":[{"start":{"line":24,"column":7},"end":{"line":26,"column":1}}]},"7":{"type":"branch","line":25,"loc":{"start":{"line":25,"column":15},"end":{"line":25,"column":53}},"locations":[{"start":{"line":25,"column":15},"end":{"line":25,"column":53}}]},"8":{"type":"branch","line":25,"loc":{"start":{"line":25,"column":54},"end":{"line":25,"column":58}},"locations":[{"start":{"line":25,"column":54},"end":{"line":25,"column":58}}]}},"b":{"0":[3],"1":[1],"2":[2],"3":[1],"4":[0],"5":[2],"6":[2],"7":[1],"8":[1]},"fnMap":{"0":{"name":"requestJson","decl":{"start":{"line":3,"column":7},"end":{"line":22,"column":1}},"loc":{"start":{"line":3,"column":7},"end":{"line":22,"column":1}},"line":3},"1":{"name":"authHeaders","decl":{"start":{"line":24,"column":7},"end":{"line":26,"column":1}},"loc":{"start":{"line":24,"column":7},"end":{"line":26,"column":1}},"line":24}},"f":{"0":3,"1":2}}
}
